2009-01-30 11:22:06 ystart converterz
2009-01-30 11:22:06
2009-01-30 11:22:06 ycreate directoryz:Sample_20090130_01:0777
2009-01-30 11:22:06 yfile openz:J:\git\stoaconverter\SToADataConverter.log
2009-01-30 11:27:27 ystart converterz
2009-01-30 11:27:27
2009-01-30 11:27:27 yfile openz:J:\git\stoaconverter\SimToAnimConvert.log
2009-01-30 11:27:27 yfile closez:J:\git\stoaconverter\SimToAnimConvert.log
2009-01-30 11:27:27 yend   converterz
2009-01-30 11:28:36 ystart converterz
2009-01-30 11:28:36
2009-01-30 11:28:36 yfile openz:J:\git\stoaconverter\SimToAnimConvert.log
2009-01-30 11:28:36 yfile closez:J:\git\stoaconverter\SimToAnimConvert.log
2009-01-30 11:28:36 yend   converterz
2009-01-30 11:31:32 ystart converterz
2009-01-30 11:31:32
2009-01-30 11:31:32 yfile openz:J:\git\stoaconverter\SimToAnimConvert.log
2009-01-30 11:31:32 y$downLowz:1
2009-01-30 11:31:32 y$isAnyFloorz:
2009-01-30 11:31:32 y$downLowz:1
2009-01-30 11:31:32 y$isAnyFloorz:
2009-01-30 11:31:32 y$downLowz:2
2009-01-30 11:31:32 y$isAnyFloorz:
2009-01-30 11:31:32 y$downLowz:1
2009-01-30 11:31:32 y$isAnyFloorz:
2009-01-30 11:31:32 y$floorNumz:0
2009-01-30 11:31:32 y$downLowz:1
2009-01-30 11:31:32 y$isAnyFloorz:
2009-01-30 11:31:32 y$downLowz:1
2009-01-30 11:31:32 y$isAnyFloorz:
2009-01-30 11:31:32 y$downLowz:1
2009-01-30 11:31:32 y$isAnyFloorz:
2009-01-30 11:31:32 y$downLowz:1
2009-01-30 11:31:32 y$isAnyFloorz:
2009-01-30 11:31:32 y$downLowz:2
2009-01-30 11:31:32 y$isAnyFloorz:1
2009-01-30 11:31:32 y$downLowz:2
2009-01-30 11:31:32 y$isAnyFloorz:1
2009-01-30 11:31:32 y$downLowz:2
2009-01-30 11:31:32 y$isAnyFloorz:
2009-01-30 11:31:32 y$downLowz:1
2009-01-30 11:31:32 y$isAnyFloorz:
2009-01-30 11:31:32 y$downLowz:1
2009-01-30 11:31:32 y$isAnyFloorz:
2009-01-30 11:31:32 y$downLowz:1
2009-01-30 11:31:32 y$isAnyFloorz:
2009-01-30 11:31:32 y$downLowz:1
2009-01-30 11:31:32 y$isAnyFloorz:
2009-01-30 11:31:32 y$downLowz:1
2009-01-30 11:31:32 y$isAnyFloorz:
2009-01-30 11:31:32 y$downLowz:1
2009-01-30 11:31:32 y$isAnyFloorz:
2009-01-30 11:31:32 y$downLowz:1
2009-01-30 11:31:32 y$isAnyFloorz:
2009-01-30 11:31:32 yfile closez:J:\git\stoaconverter\SimToAnimConvert.log
2009-01-30 11:31:32 yend   converterz
2009-01-30 11:37:16 ystart converterz
2009-01-30 11:37:16
2009-01-30 11:37:16 yfile openz:J:\git\stoaconverter\SimToAnimConvert.log
2009-01-30 11:37:16 y$downLowz:1
2009-01-30 11:37:16 y$isAnyFloorz:
2009-01-30 11:37:16 y$downLowz:1
2009-01-30 11:37:16 y$isAnyFloorz:
2009-01-30 11:37:16 y$downLowz:2
2009-01-30 11:37:16 y$isAnyFloorz:
2009-01-30 11:37:16 y$downLowz:1
2009-01-30 11:37:16 y$isAnyFloorz:
2009-01-30 11:37:16 y$floorNumz:0
2009-01-30 11:37:16 y$downLowz:1
2009-01-30 11:37:16 y$isAnyFloorz:
2009-01-30 11:37:16 y$downLowz:1
2009-01-30 11:37:16 y$isAnyFloorz:
2009-01-30 11:37:16 y$downLowz:1
2009-01-30 11:37:16 y$isAnyFloorz:
2009-01-30 11:37:16 y$downLowz:1
2009-01-30 11:37:16 y$isAnyFloorz:
2009-01-30 11:37:16 y$downLowz:2
2009-01-30 11:37:16 y$isAnyFloorz:1
2009-01-30 11:37:16 y$downLowz:2
2009-01-30 11:37:16 y$isAnyFloorz:1
2009-01-30 11:37:16 y$downLowz:2
2009-01-30 11:37:16 y$isAnyFloorz:
2009-01-30 11:37:16 y$downLowz:1
2009-01-30 11:37:16 y$isAnyFloorz:
2009-01-30 11:37:16 y$downLowz:1
2009-01-30 11:37:16 y$isAnyFloorz:
2009-01-30 11:37:16 y$downLowz:1
2009-01-30 11:37:16 y$isAnyFloorz:
2009-01-30 11:37:16 y$downLowz:1
2009-01-30 11:37:16 y$isAnyFloorz:
2009-01-30 11:37:16 y$downLowz:1
2009-01-30 11:37:16 y$isAnyFloorz:
2009-01-30 11:37:16 y$downLowz:1
2009-01-30 11:37:16 y$isAnyFloorz:
2009-01-30 11:37:16 y$downLowz:1
2009-01-30 11:37:16 y$isAnyFloorz:
2009-01-30 11:37:16 yfile closez:J:\git\stoaconverter\SimToAnimConvert.log
2009-01-30 11:37:16 yend   converterz
2009-01-30 11:39:47 ystart converterz
2009-01-30 11:39:47
2009-01-30 11:39:47 yfile openz:J:\git\stoaconverter\SimToAnimConvert.log
2009-01-30 11:39:47 y$downLowz:1
2009-01-30 11:39:47 y$isAnyFloorz:
2009-01-30 11:39:47 y$downLowz:1
2009-01-30 11:39:47 y$isAnyFloorz:
2009-01-30 11:39:47 y$downLowz:2
2009-01-30 11:39:47 y$isAnyFloorz:
2009-01-30 11:39:47 y$downLowz:1
2009-01-30 11:39:47 y$isAnyFloorz:
2009-01-30 11:39:47 y$floorNumz:10
2009-01-30 11:39:47 y$downLowz:1
2009-01-30 11:39:47 y$isAnyFloorz:
2009-01-30 11:39:47 y$downLowz:1
2009-01-30 11:39:47 y$isAnyFloorz:
2009-01-30 11:39:47 y$downLowz:1
2009-01-30 11:39:47 y$isAnyFloorz:
2009-01-30 11:39:47 y$downLowz:1
2009-01-30 11:39:47 y$isAnyFloorz:
2009-01-30 11:39:47 y$downLowz:2
2009-01-30 11:39:47 y$isAnyFloorz:1
2009-01-30 11:39:47 yfile closez:J:\git\stoaconverter\SimToAnimConvert.log
2009-01-30 11:39:47 yend   converterz
2009-01-30 11:43:40 ystart converterz
2009-01-30 11:43:40
2009-01-30 11:43:40 yfile openz:J:\git\stoaconverter\SimToAnimConvert.log
2009-01-30 11:43:40 y$downLowz:1
2009-01-30 11:43:40 y$isAnyFloorz:
2009-01-30 11:43:40
2009-01-30 11:43:40 y$downLowz:1
2009-01-30 11:43:40 y$isAnyFloorz:
2009-01-30 11:43:40
2009-01-30 11:43:40 y$downLowz:2
2009-01-30 11:43:40 y$isAnyFloorz:
2009-01-30 11:43:40
2009-01-30 11:43:40 y$downLowz:1
2009-01-30 11:43:40 y$isAnyFloorz:
2009-01-30 11:43:40
2009-01-30 11:43:40 ¡$floorNum:10
2009-01-30 11:43:40 y$downLowz:1
2009-01-30 11:43:40 y$isAnyFloorz:
2009-01-30 11:43:40
2009-01-30 11:43:40 y$downLowz:1
2009-01-30 11:43:40 y$isAnyFloorz:
2009-01-30 11:43:40
2009-01-30 11:43:40 y$downLowz:1
2009-01-30 11:43:40 y$isAnyFloorz:
2009-01-30 11:43:40
2009-01-30 11:43:40 y$downLowz:1
2009-01-30 11:43:40 y$isAnyFloorz:
2009-01-30 11:43:40
2009-01-30 11:43:40 y$downLowz:2
2009-01-30 11:43:40 y$isAnyFloorz:
2009-01-30 11:43:40 1
2009-01-30 11:43:40 yfile closez:J:\git\stoaconverter\SimToAnimConvert.log
2009-01-30 11:43:40 yend   converterz
2009-01-30 11:45:44 ystart converterz
2009-01-30 11:45:44
2009-01-30 11:45:44 yfile openz:J:\git\stoaconverter\SimToAnimConvert.log
2009-01-30 11:45:44 y$isAnyFloorz:
2009-01-30 11:45:44 y$isAnyFloorz:
2009-01-30 11:45:44 y$isAnyFloorz:
2009-01-30 11:45:44 y$isAnyFloorz:
2009-01-30 11:45:44 ¡$floorNum:0
2009-01-30 11:45:44 y$isAnyFloorz:
2009-01-30 11:45:44 y$isAnyFloorz:
2009-01-30 11:45:44 y$isAnyFloorz:
2009-01-30 11:45:44 y$isAnyFloorz:
2009-01-30 11:45:44 y$isAnyFloorz:1
2009-01-30 11:45:44 y$isAnyFloorz:1
2009-01-30 11:45:44 y$isAnyFloorz:
2009-01-30 11:45:44 y$isAnyFloorz:
2009-01-30 11:45:44 y$isAnyFloorz:
2009-01-30 11:45:44 y$isAnyFloorz:
2009-01-30 11:45:44 y$isAnyFloorz:
2009-01-30 11:45:44 y$isAnyFloorz:
2009-01-30 11:45:44 y$isAnyFloorz:
2009-01-30 11:45:44 y$isAnyFloorz:
2009-01-30 11:45:44 yfile closez:J:\git\stoaconverter\SimToAnimConvert.log
2009-01-30 11:45:44 yend   converterz
2009-01-30 11:46:23 ystart converterz
2009-01-30 11:46:23
2009-01-30 11:46:23 yfile openz:J:\git\stoaconverter\SimToAnimConvert.log
2009-01-30 11:46:23 y$isAnyFloorz:
2009-01-30 11:46:23 y$isAnyFloorz:
2009-01-30 11:46:23 y$isAnyFloorz:
2009-01-30 11:46:23 y$isAnyFloorz:
2009-01-30 11:46:23 ¡$floorNum:10
2009-01-30 11:46:23 y$isAnyFloorz:
2009-01-30 11:46:23 y$isAnyFloorz:
2009-01-30 11:46:23 y$isAnyFloorz:
2009-01-30 11:46:23 y$isAnyFloorz:
2009-01-30 11:46:23 y$isAnyFloorz:1
2009-01-30 11:46:23 yfile closez:J:\git\stoaconverter\SimToAnimConvert.log
2009-01-30 11:46:23 yend   converterz
2009-01-30 11:47:15 ystart converterz
2009-01-30 11:47:15
2009-01-30 11:47:15 yfile openz:J:\git\stoaconverter\SimToAnimConvert.log
2009-01-30 11:47:15 y$isAnyFloorz:
2009-01-30 11:47:15 y$isAnyFloorz:
2009-01-30 11:47:16 y$isAnyFloorz:
2009-01-30 11:47:16 y$isAnyFloorz:
2009-01-30 11:47:16 ¡$floorNum:10
2009-01-30 11:47:16 y$isAnyFloorz:
2009-01-30 11:47:16 y$isAnyFloorz:
2009-01-30 11:47:16 y$isAnyFloorz:
2009-01-30 11:47:16 y$isAnyFloorz:
2009-01-30 11:47:16 y$isAnyFloorz:1
2009-01-30 11:47:16 yfile closez:J:\git\stoaconverter\SimToAnimConvert.log
2009-01-30 11:47:16 yend   converterz
2009-01-30 11:49:07 ystart converterz
2009-01-30 11:49:07
2009-01-30 11:49:07 yfile openz:J:\git\stoaconverter\SimToAnimConvert.log
2009-01-30 11:49:07 y$buffer[$iCt]z:Java Plug-in 1.6.0_11
2009-01-30 11:49:07 y$buffer[$iCt]z:g—p’†‚Ì JRE ‚Ìƒo[ƒWƒ‡ƒ“ 1.6.0_11 Java HotSpot(TM) Client VM
2009-01-30 11:49:07 y$buffer[$iCt]z:ƒ†[ƒU‚Ìƒz[ƒ€ƒfƒBƒŒƒNƒgƒŠ = C:\Documents and Settings\Administrator
2009-01-30 11:49:07 y$buffer[$iCt]z:----------------------------------------------------
2009-01-30 11:49:07 y$buffer[$iCt]z:c:   ƒRƒ“ƒ\[ƒ‹ƒEƒBƒ“ƒhƒE‚ğƒNƒŠƒA
2009-01-30 11:49:07 y$buffer[$iCt]z:f:   ƒtƒ@ƒCƒiƒ‰ƒCƒYƒLƒ…[‚ÌƒIƒuƒWƒFƒNƒg‚ğƒtƒ@ƒCƒiƒ‰ƒCƒY
2009-01-30 11:49:07 y$buffer[$iCt]z:g:   ƒKƒx[ƒWƒRƒŒƒNƒg
2009-01-30 11:49:07 y$buffer[$iCt]z:h:   ‚±‚Ìƒwƒ‹ƒvƒƒbƒZ[ƒW‚ğ•\¦
2009-01-30 11:49:07 y$buffer[$iCt]z:l:   ƒNƒ‰ƒXƒ[ƒ_ƒŠƒXƒg‚ğƒ_ƒ“ƒv
2009-01-30 11:49:07 y$buffer[$iCt]z:m:   ƒƒ‚ƒŠg—p—¦‚ğ•\¦
2009-01-30 11:49:07 y$buffer[$iCt]z:o:   ƒgƒŠƒKƒƒO
2009-01-30 11:49:07 y$buffer[$iCt]z:q:   ƒRƒ“ƒ\[ƒ‹‚ğ”ñ•\¦
2009-01-30 11:49:07 y$buffer[$iCt]z:r:   ƒ|ƒŠƒV[İ’è‚ğÄƒ[ƒh
2009-01-30 11:49:07 y$buffer[$iCt]z:s:   ƒVƒXƒeƒ€ƒvƒƒpƒeƒB‚Æ”z”õƒvƒƒpƒeƒB‚ğƒ_ƒ“ƒv
2009-01-30 11:49:07 y$buffer[$iCt]z:t:   ƒXƒŒƒbƒhƒŠƒXƒg‚ğƒ_ƒ“ƒv
2009-01-30 11:49:07 y$buffer[$iCt]z:v:   ƒXƒŒƒbƒhƒXƒ^ƒbƒN‚ğƒ_ƒ“ƒv
2009-01-30 11:49:07 y$buffer[$iCt]z:x:   ƒNƒ‰ƒXƒ[ƒ_ƒLƒƒƒbƒVƒ…‚ğƒNƒŠƒA
2009-01-30 11:49:07 y$buffer[$iCt]z:0-5: ƒgƒŒ[ƒXƒŒƒxƒ‹‚ğ <n> ‚Éİ’è
2009-01-30 11:49:07 y$buffer[$iCt]z:----------------------------------------------------
2009-01-30 11:49:07 y$buffer[$iCt]z:
2009-01-30 11:49:07 y$buffer[$iCt]z:
2009-01-30 11:49:07 y$buffer[$iCt]z:EƒVƒ~ƒ…ƒŒ[ƒVƒ‡ƒ“ŠÔ
2009-01-30 11:49:07 y$isAnyFloorz:
2009-01-30 11:49:07 y$buffer[$iCt]z:ƒf[ƒ^æ“¾¬Œ÷F 300.000000
2009-01-30 11:49:07 y$buffer[$iCt]z:EŒš•¨”
2009-01-30 11:49:07 y$isAnyFloorz:
2009-01-30 11:49:07 y$buffer[$iCt]z:ƒf[ƒ^æ“¾¬Œ÷F    2
2009-01-30 11:49:07 y$buffer[$iCt]z:EƒGƒŒƒx[ƒ^‰^s§Œä•û®
2009-01-30 11:49:07 y$buffer[$iCt]z:ƒf[ƒ^æ“¾¬Œ÷F
2009-01-30 11:49:07 y$buffer[$iCt]z:‚d‚k‚u‰^s§Œä•û®F [B   1] ...    1
2009-01-30 11:49:07 y$buffer[$iCt]z:‚d‚k‚u‰^s§Œä•û®F [B   2] ...    2
2009-01-30 11:49:07 y$buffer[$iCt]z:EƒGƒŒƒx[ƒ^”
2009-01-30 11:49:07 y$isAnyFloorz:
2009-01-30 11:49:07 y$buffer[$iCt]z:ƒf[ƒ^æ“¾¬Œ÷F
2009-01-30 11:49:07 y$buffer[$iCt]z:‚d‚k‚u”F [B   1] ...    1
2009-01-30 11:49:07 y$buffer[$iCt]z:‚d‚k‚u”F [B   2] ...    1
2009-01-30 11:49:07 y$buffer[$iCt]z:EŒš•¨Å‚ŠK°”
2009-01-30 11:49:07 y$isAnyFloorz:
2009-01-30 11:49:07 ¡$floorNum:10
2009-01-30 11:49:07 y$buffer[$iCt]z:ƒf[ƒ^æ“¾¬Œ÷F   10
2009-01-30 11:49:07 y$buffer[$iCt]z:EŒğ’Êƒpƒ^[ƒ“
2009-01-30 11:49:07 y$isAnyFloorz:
2009-01-30 11:49:07 y$buffer[$iCt]z:ƒf[ƒ^æ“¾¬Œ÷F    6
2009-01-30 11:49:07 y$buffer[$iCt]z:Eã‚èW’†—¦
2009-01-30 11:49:07 y$isAnyFloorz:
2009-01-30 11:49:07 y$buffer[$iCt]z:ƒf[ƒ^æ“¾¬Œ÷F    6.00
2009-01-30 11:49:07 y$buffer[$iCt]z:E‰º‚èW’†—¦
2009-01-30 11:49:07 y$isAnyFloorz:
2009-01-30 11:49:07 y$buffer[$iCt]z:ƒf[ƒ^æ“¾¬Œ÷F    6.00
2009-01-30 11:49:07 y$buffer[$iCt]z:Eæ~Š„‡
2009-01-30 11:49:07 y$isAnyFloorz:
2009-01-30 11:49:07 y$buffer[$iCt]z:ƒf[ƒ^æ“¾¬Œ÷F    1.00
2009-01-30 11:49:07 y$buffer[$iCt]z:E‹ZÒ”
2009-01-30 11:49:07 y$isAnyFloorz:1
2009-01-30 11:49:07 y$buffer[$iCt]z:‹ZÒ”F [   1] ... 25.000000
2009-01-30 11:49:07 y$buffer[$iCt]z:‹ZÒ”F [   2] ... 25.000000
2009-01-30 11:49:07 y$buffer[$iCt]z:‹ZÒ”F [   3] ... 25.000000
2009-01-30 11:49:07 y$buffer[$iCt]z:‹ZÒ”F [   4] ... 25.000000
2009-01-30 11:49:07 y$buffer[$iCt]z:‹ZÒ”F [   5] ... 25.000000
2009-01-30 11:49:07 y$buffer[$iCt]z:‹ZÒ”F [   6] ... 25.000000
2009-01-30 11:49:07 y$buffer[$iCt]z:‹ZÒ”F [   7] ... 25.000000
2009-01-30 11:49:07 y$buffer[$iCt]z:‹ZÒ”F [   8] ... 25.000000
2009-01-30 11:49:07 y$buffer[$iCt]z:‹ZÒ”F [   9] ... 25.000000
2009-01-30 11:49:07 y$buffer[$iCt]z:‹ZÒ”F [  10] ... 25.000000
2009-01-30 11:49:07 y$buffer[$iCt]z:‹ZÒ‘”:250.0
2009-01-30 11:49:07 y$buffer[$iCt]z:EŠeŠK‚
2009-01-30 11:49:07 y$buffer[$iCt]z:ƒf[ƒ^æ“¾¬Œ÷F
2009-01-30 11:49:07 y$buffer[$iCt]z:ŠK‚F [   1] ... 3500.000000
2009-01-30 11:49:07 y$buffer[$iCt]z:ŠK‚F [   2] ... 3500.000000
2009-01-30 11:49:07 y$buffer[$iCt]z:ŠK‚F [   3] ... 3500.000000
2009-01-30 11:49:07 y$buffer[$iCt]z:ŠK‚F [   4] ... 3500.000000
2009-01-30 11:49:07 y$buffer[$iCt]z:ŠK‚F [   5] ... 3500.000000
2009-01-30 11:49:07 y$buffer[$iCt]z:ŠK‚F [   6] ... 3500.000000
2009-01-30 11:49:07 y$buffer[$iCt]z:ŠK‚F [   7] ... 3500.000000
2009-01-30 11:49:07 y$buffer[$iCt]z:ŠK‚F [   8] ... 3500.000000
2009-01-30 11:49:07 y$buffer[$iCt]z:ŠK‚F [   9] ... 3500.000000
2009-01-30 11:49:07 y$buffer[$iCt]z:ŠK‚F [  10] ... 3500.000000
2009-01-30 11:49:07 y$buffer[$iCt]z:E‚©‚²”
2009-01-30 11:49:07 y$buffer[$iCt]z:ƒf[ƒ^æ“¾¬Œ÷F
2009-01-30 11:49:07 y$buffer[$iCt]z:‚©‚²”F [B   1,E   1] ...    1
2009-01-30 11:49:07 y$buffer[$iCt]z:‚©‚²”F [B   2,E   1] ...    1
2009-01-30 11:49:07 y$buffer[$iCt]z:E‚©‚²ƒf[ƒ^(•ª‘¬)
2009-01-30 11:49:07 y$buffer[$iCt]z:•ª‘¬F [B   1,E   1,C   1] ... 105.00
2009-01-30 11:49:07 y$buffer[$iCt]z:•ª‘¬F [B   2,E   1,C   1] ... 105.00
2009-01-30 11:49:07 y$buffer[$iCt]z:ƒf[ƒ^æ“¾¬Œ÷F
2009-01-30 11:49:07 y$buffer[$iCt]z:E‚©‚²ƒf[ƒ^(‰ÁŒ¸‘¬‹——£)
2009-01-30 11:49:07 y$buffer[$iCt]z:‰ÁŒ¸‘¬‹——£F [B   1,E   1,C   1] ...   5.10
2009-01-30 11:49:07 y$buffer[$iCt]z:‰ÁŒ¸‘¬‹——£F [B   2,E   1,C   1] ...   5.10
2009-01-30 11:49:07 y$buffer[$iCt]z:ƒf[ƒ^æ“¾¬Œ÷F
2009-01-30 11:49:07 y$buffer[$iCt]z:E‚©‚²ƒf[ƒ^(‰ÁŒ¸‘¬ŠÔ)
2009-01-30 11:49:07 y$buffer[$iCt]z:‰ÁŒ¸‘¬ŠÔF [B   1,E   1,C   1] ...   6.80
2009-01-30 11:49:07 y$buffer[$iCt]z:‰ÁŒ¸‘¬ŠÔF [B   2,E   1,C   1] ...   6.80
2009-01-30 11:49:07 y$buffer[$iCt]z:ƒf[ƒ^æ“¾¬Œ÷F
2009-01-30 11:49:07 y$buffer[$iCt]z:E‚©‚²ƒf[ƒ^(”àŠJŠÔ)
2009-01-30 11:49:07 y$buffer[$iCt]z:”àŠJŠÔF [B   1,E   1,C   1] ...   2.10
2009-01-30 11:49:07 y$buffer[$iCt]z:”àŠJŠÔF [B   2,E   1,C   1] ...   2.10
2009-01-30 11:49:07 y$buffer[$iCt]z:ƒf[ƒ^æ“¾¬Œ÷F
2009-01-30 11:49:07 y$buffer[$iCt]z:E‚©‚²ƒf[ƒ^(”à•ÂŠÔ)
2009-01-30 11:49:07 y$buffer[$iCt]z:”à•ÂŠÔF [B   1,E   1,C   1] ...   3.70
2009-01-30 11:49:08 y$buffer[$iCt]z:”à•ÂŠÔF [B   2,E   1,C   1] ...   3.70
2009-01-30 11:49:08 y$buffer[$iCt]z:ƒf[ƒ^æ“¾¬Œ÷F
2009-01-30 11:49:08 y$buffer[$iCt]z:E‚©‚²ƒf[ƒ^(ƒfƒbƒhƒ^ƒCƒ€)
2009-01-30 11:49:08 y$buffer[$iCt]z:ƒfƒbƒhƒ^ƒCƒ€F [B   1,E   1,C   1] ...   0.00
2009-01-30 11:49:08 y$buffer[$iCt]z:ƒfƒbƒhƒ^ƒCƒ€F [B   2,E   1,C   1] ...   0.00
2009-01-30 11:49:08 y$buffer[$iCt]z:ƒf[ƒ^æ“¾¬Œ÷F
2009-01-30 11:49:08 y$buffer[$iCt]z:E‚©‚²ƒf[ƒ^(æÔ’èˆõ)
2009-01-30 11:49:08 y$buffer[$iCt]z:æÔ’èˆõF [B   1,E   1,C   1] ...  13.00
2009-01-30 11:49:08 y$buffer[$iCt]z:æÔ’èˆõF [B   2,E   1,C   1] ...  13.00
2009-01-30 11:49:08 y$buffer[$iCt]z:ƒf[ƒ^æ“¾¬Œ÷F
2009-01-30 11:49:08 y$buffer[$iCt]z:E‚©‚²ƒf[ƒ^(‚©‚²ŠÔŒû)
2009-01-30 11:49:08 y$buffer[$iCt]z:‚©‚²ŠÔŒûF [B   1,E   1,C   1] ...   1.60
2009-01-30 11:49:08 y$buffer[$iCt]z:‚©‚²ŠÔŒûF [B   2,E   1,C   1] ...   1.60
2009-01-30 11:49:08 y$buffer[$iCt]z:ƒf[ƒ^æ“¾¬Œ÷F
2009-01-30 11:49:08 y$buffer[$iCt]z:E‚©‚²ƒf[ƒ^(‚©‚²‰œs)
2009-01-30 11:49:08 y$buffer[$iCt]z:‚©‚²‰œsF [B   1,E   1,C   1] ...   1.35
2009-01-30 11:49:08 y$buffer[$iCt]z:‚©‚²‰œsF [B   2,E   1,C   1] ...   1.35
2009-01-30 11:49:08 y$buffer[$iCt]z:ƒf[ƒ^æ“¾¬Œ÷F
2009-01-30 11:49:08 y$buffer[$iCt]z:E‚©‚²ƒf[ƒ^(¸~˜HŠÔŒû)
2009-01-30 11:49:08 y$buffer[$iCt]z:¸~˜HŠÔŒûF [B   1,E   1,C   1] ...   2.15
2009-01-30 11:49:08 y$buffer[$iCt]z:¸~˜HŠÔŒûF [B   2,E   1,C   1] ...   2.15
2009-01-30 11:49:08 y$buffer[$iCt]z:ƒf[ƒ^æ“¾¬Œ÷F
2009-01-30 11:49:08 y$buffer[$iCt]z:E‚©‚²ƒf[ƒ^(¸~˜H‰œs)
2009-01-30 11:49:08 y$buffer[$iCt]z:¸~˜H‰œsF [B   1,E   1,C   1] ...   2.15
2009-01-30 11:49:08 y$buffer[$iCt]z:¸~˜H‰œsF [B   2,E   1,C   1] ...   2.15
2009-01-30 11:49:08 y$buffer[$iCt]z:ƒf[ƒ^æ“¾¬Œ÷F
2009-01-30 11:49:08 y$buffer[$iCt]z:E‚©‚²ƒf[ƒ^(ŠK°”İ’è)
2009-01-30 11:49:08 y$buffer[$iCt]z:ŠK°”F [B   1,E   1,C   1] ...     10
2009-01-30 11:49:08 y$buffer[$iCt]z:ŠK°”F [B   2,E   1,C   1] ...     10
2009-01-30 11:49:08 y$buffer[$iCt]z:ƒf[ƒ^İ’è¬Œ÷F
2009-01-30 11:49:08 y$buffer[$iCt]z:E‚©‚²ƒf[ƒ^(ŠK°”İ’è)
2009-01-30 11:49:08 y$buffer[$iCt]z:ƒf[ƒ^İ’è¬Œ÷F
2009-01-30 11:49:08 y$buffer[$iCt]z:E‚©‚²ƒf[ƒ^(ŒvZ’lİ’è)
2009-01-30 11:49:08 y$buffer[$iCt]z:ƒf[ƒ^İ’è¬Œ÷F
2009-01-30 11:49:08 y$buffer[$iCt]z:EleLife InitData Start
2009-01-30 11:49:08 y$buffer[$iCt]z:==< 2009.01.06 Ver.0.27.005 H.Murai 01/06 ƒfƒ‚ƒTƒCƒgC³ƒŠƒŠ[ƒX”Å(•s‹ï‡‰üC‚Q) >==
2009-01-30 11:49:08 y$buffer[$iCt]z:LimitTime: 300.00
2009-01-30 11:49:08 y$buffer[$iCt]z:
2009-01-30 11:49:08 y$buffer[$iCt]z:PID--- CID- ToF TfF CLT---- CIT---- ToT---- TfT---- CWI---- TrT---- SvT---- SvS-----
2009-01-30 11:49:08 y$buffer[$iCt]z:1    0   5   1     2.1     2.1     0.0     0.0    -2.1     0.0    -2.1 01.SVSP
2009-01-30 11:49:08 y$buffer[$iCt]z:2    0   8   1     2.8     0.8     0.0     0.0    -2.8     0.0    -2.8 01.SVSP
2009-01-30 11:49:08 y$buffer[$iCt]z:3    0   1   6     3.5     0.6     0.0     0.0    -3.5     0.0    -3.5 01.SVSP
2009-01-30 11:49:08 y$buffer[$iCt]z:4    0   1   6     4.3     0.8     0.0     0.0    -4.3     0.0    -4.3 01.SVSP
2009-01-30 11:49:08 y$buffer[$iCt]z:5    0   6   1     9.6     5.3     0.0     0.0    -9.6     0.0    -9.6 01.SVSP
2009-01-30 11:49:08 y$buffer[$iCt]z:6    0   1   6    13.3     3.7     0.0     0.0   -13.3     0.0   -13.3 01.SVSP
2009-01-30 11:49:08 y$buffer[$iCt]z:7    0   8   1    14.7     1.4     0.0     0.0   -14.7     0.0   -14.7 01.SVSP
2009-01-30 11:49:08 y$buffer[$iCt]z:8    0   1   3    20.1     5.4     0.0     0.0   -20.1     0.0   -20.1 01.SVSP
2009-01-30 11:49:08 y$buffer[$iCt]z:9    0   1   3    28.2     8.1     0.0     0.0   -28.2     0.0   -28.2 01.SVSP
2009-01-30 11:49:08 y$buffer[$iCt]z:10    0   7   1    35.8     7.7     0.0     0.0   -35.8     0.0   -35.8 01.SVSP
2009-01-30 11:49:08 y$buffer[$iCt]z:11    0   1   9    41.7     5.9     0.0     0.0   -41.7     0.0   -41.7 01.SVSP
2009-01-30 11:49:08 y$buffer[$iCt]z:12    0   1   6    44.5     2.7     0.0     0.0   -44.5     0.0   -44.5 01.SVSP
2009-01-30 11:49:08 y$buffer[$iCt]z:13    0   7   1    47.4     2.9     0.0     0.0   -47.4     0.0   -47.4 01.SVSP
2009-01-30 11:49:08 y$buffer[$iCt]z:14    0   1   3    60.4    12.9     0.0     0.0   -60.4     0.0   -60.4 01.SVSP
2009-01-30 11:49:08 y$buffer[$iCt]z:15    0   1  10    67.2     6.8     0.0     0.0   -67.2     0.0   -67.2 01.SVSP
2009-01-30 11:49:08 y$buffer[$iCt]z:16    0   1   4    77.6    10.4     0.0     0.0   -77.6     0.0   -77.6 01.SVSP
2009-01-30 11:49:08 y$buffer[$iCt]z:17    0   1   5    97.2    19.6     0.0     0.0   -97.2     0.0   -97.2 01.SVSP
2009-01-30 11:49:08 y$buffer[$iCt]z:18    0   6   1   105.0     7.8     0.0     0.0  -105.0     0.0  -105.0 01.SVSP
2009-01-30 11:49:08 y$buffer[$iCt]z:19    0   9   1   129.6    24.6     0.0     0.0  -129.6     0.0  -129.6 01.SVSP
2009-01-30 11:49:08 y$buffer[$iCt]z:20    0   5   1   146.5    16.9     0.0     0.0  -146.5     0.0  -146.5 01.SVSP
2009-01-30 11:49:08 y$buffer[$iCt]z:21    0   2   1   174.8    28.3     0.0     0.0  -174.8     0.0  -174.8 01.SVSP
2009-01-30 11:49:08 y$buffer[$iCt]z:22    0   1   3   177.0     2.3     0.0     0.0  -177.0     0.0  -177.0 01.SVSP
2009-01-30 11:49:08 y$buffer[$iCt]z:23    0   9   1   196.3    19.3     0.0     0.0  -196.3     0.0  -196.3 01.SVSP
2009-01-30 11:49:08 y$buffer[$iCt]z:24    0   1  10   204.6     8.2     0.0     0.0  -204.6     0.0  -204.6 01.SVSP
2009-01-30 11:49:08 y$buffer[$iCt]z:25    0   1   2   207.5     2.9     0.0     0.0  -207.5     0.0  -207.5 01.SVSP
2009-01-30 11:49:08 y$buffer[$iCt]z:26    0   4   1   224.5    17.0     0.0     0.0  -224.5     0.0  -224.5 01.SVSP
2009-01-30 11:49:08 y$buffer[$iCt]z:27    0   1   9   226.6     2.1     0.0     0.0  -226.6     0.0  -226.6 01.SVSP
2009-01-30 11:49:08 y$buffer[$iCt]z:28    0   5   1   228.1     1.5     0.0     0.0  -228.1     0.0  -228.1 01.SVSP
2009-01-30 11:49:08 y$buffer[$iCt]z:29    0   1   5   234.0     5.9     0.0     0.0  -234.0     0.0  -234.0 01.SVSP
2009-01-30 11:49:08 y$buffer[$iCt]z:30    0   7   1   242.7     8.7     0.0     0.0  -242.7     0.0  -242.7 01.SVSP
2009-01-30 11:49:08 y$buffer[$iCt]z:31    0  10   1   248.4     5.8     0.0     0.0  -248.4     0.0  -248.4 01.SVSP
2009-01-30 11:49:08 y$buffer[$iCt]z:32    0   1   7   253.5     5.0     0.0     0.0  -253.5     0.0  -253.5 01.SVSP
2009-01-30 11:49:08 y$buffer[$iCt]z:33    0   1   8   260.4     7.0     0.0     0.0  -260.4     0.0  -260.4 01.SVSP
2009-01-30 11:49:08 y$buffer[$iCt]z:34    0   1   5   262.3     1.8     0.0     0.0  -262.3     0.0  -262.3 01.SVSP
2009-01-30 11:49:08 y$buffer[$iCt]z:35    0   1   5   271.7     9.4     0.0     0.0  -271.7     0.0  -271.7 01.SVSP
2009-01-30 11:49:08 y$buffer[$iCt]z:36    0   1   6   277.3     5.6     0.0     0.0  -277.3     0.0  -277.3 01.SVSP
2009-01-30 11:49:08 y$buffer[$iCt]z:PID--- CID- ToF TfF CLT---- CIT---- ToT---- TfT---- CWI---- TrT---- SvT---- SvS-----
2009-01-30 11:49:08 y$buffer[$iCt]z:----< Dump Status Data >----
2009-01-30 11:49:08 y$buffer[$iCt]z:ChartTable[  1][] =
2009-01-30 11:49:08 y$buffer[$iCt]z:0.00000
2009-01-30 11:49:08 y$buffer[$iCt]z:0.11111
2009-01-30 11:49:08 y$buffer[$iCt]z:0.11111
2009-01-30 11:49:08 y$buffer[$iCt]z:0.11111
2009-01-30 11:49:08 y$buffer[$iCt]z:0.11111
2009-01-30 11:49:08 y$buffer[$iCt]z:0.11111
2009-01-30 11:49:08 y$buffer[$iCt]z:0.11111
2009-01-30 11:49:08 y$buffer[$iCt]z:0.11111
2009-01-30 11:49:08 y$buffer[$iCt]z:0.11111
2009-01-30 11:49:08 y$buffer[$iCt]z:0.11111
2009-01-30 11:49:08 y$buffer[$iCt]z:
2009-01-30 11:49:08 y$buffer[$iCt]z:ChartTable[  2][] =
2009-01-30 11:49:08 y$buffer[$iCt]z:0.11111
2009-01-30 11:49:08 y$buffer[$iCt]z:0.00000
2009-01-30 11:49:08 y$buffer[$iCt]z:0.00000
2009-01-30 11:49:08 y$buffer[$iCt]z:0.00000
2009-01-30 11:49:08 y$buffer[$iCt]z:0.00000
2009-01-30 11:49:08 y$buffer[$iCt]z:0.00000
2009-01-30 11:49:08 y$buffer[$iCt]z:0.00000
2009-01-30 11:49:08 y$buffer[$iCt]z:0.00000
2009-01-30 11:49:08 y$buffer[$iCt]z:0.00000
2009-01-30 11:49:08 y$buffer[$iCt]z:0.00000
2009-01-30 11:49:08 y$buffer[$iCt]z:
2009-01-30 11:49:08 y$buffer[$iCt]z:ChartTable[  3][] =
2009-01-30 11:49:08 y$buffer[$iCt]z:0.11111
2009-01-30 11:49:08 y$buffer[$iCt]z:0.00000
2009-01-30 11:49:08 y$buffer[$iCt]z:0.00000
2009-01-30 11:49:08 y$buffer[$iCt]z:0.00000
2009-01-30 11:49:08 y$buffer[$iCt]z:0.00000
2009-01-30 11:49:08 y$buffer[$iCt]z:0.00000
2009-01-30 11:49:08 y$buffer[$iCt]z:0.00000
2009-01-30 11:49:08 y$buffer[$iCt]z:0.00000
2009-01-30 11:49:08 yfile closez:J:\git\stoaconverter\SimToAnimConvert.log
2009-01-30 11:49:08 yend   converterz
2009-01-30 11:50:08 ystart converterz
2009-01-30 11:50:08
2009-01-30 11:50:08 yfile openz:J:\git\stoaconverter\SimToAnimConvert.log
2009-01-30 11:50:08 ybuffer[0]z:Java Plug-in 1.6.0_11
2009-01-30 11:50:08 ybuffer[1]z:g—p’†‚Ì JRE ‚Ìƒo[ƒWƒ‡ƒ“ 1.6.0_11 Java HotSpot(TM) Client VM
2009-01-30 11:50:08 ybuffer[2]z:ƒ†[ƒU‚Ìƒz[ƒ€ƒfƒBƒŒƒNƒgƒŠ = C:\Documents and Settings\Administrator
2009-01-30 11:50:08 ybuffer[3]z:----------------------------------------------------
2009-01-30 11:50:08 ybuffer[4]z:c:   ƒRƒ“ƒ\[ƒ‹ƒEƒBƒ“ƒhƒE‚ğƒNƒŠƒA
2009-01-30 11:50:08 ybuffer[5]z:f:   ƒtƒ@ƒCƒiƒ‰ƒCƒYƒLƒ…[‚ÌƒIƒuƒWƒFƒNƒg‚ğƒtƒ@ƒCƒiƒ‰ƒCƒY
2009-01-30 11:50:08 ybuffer[6]z:g:   ƒKƒx[ƒWƒRƒŒƒNƒg
2009-01-30 11:50:08 ybuffer[7]z:h:   ‚±‚Ìƒwƒ‹ƒvƒƒbƒZ[ƒW‚ğ•\¦
2009-01-30 11:50:08 ybuffer[8]z:l:   ƒNƒ‰ƒXƒ[ƒ_ƒŠƒXƒg‚ğƒ_ƒ“ƒv
2009-01-30 11:50:08 ybuffer[9]z:m:   ƒƒ‚ƒŠg—p—¦‚ğ•\¦
2009-01-30 11:50:08 ybuffer[10]z:o:   ƒgƒŠƒKƒƒO
2009-01-30 11:50:08 ybuffer[11]z:q:   ƒRƒ“ƒ\[ƒ‹‚ğ”ñ•\¦
2009-01-30 11:50:08 ybuffer[12]z:r:   ƒ|ƒŠƒV[İ’è‚ğÄƒ[ƒh
2009-01-30 11:50:08 ybuffer[13]z:s:   ƒVƒXƒeƒ€ƒvƒƒpƒeƒB‚Æ”z”õƒvƒƒpƒeƒB‚ğƒ_ƒ“ƒv
2009-01-30 11:50:08 ybuffer[14]z:t:   ƒXƒŒƒbƒhƒŠƒXƒg‚ğƒ_ƒ“ƒv
2009-01-30 11:50:08 ybuffer[15]z:v:   ƒXƒŒƒbƒhƒXƒ^ƒbƒN‚ğƒ_ƒ“ƒv
2009-01-30 11:50:08 ybuffer[16]z:x:   ƒNƒ‰ƒXƒ[ƒ_ƒLƒƒƒbƒVƒ…‚ğƒNƒŠƒA
2009-01-30 11:50:08 ybuffer[17]z:0-5: ƒgƒŒ[ƒXƒŒƒxƒ‹‚ğ <n> ‚Éİ’è
2009-01-30 11:50:08 ybuffer[18]z:----------------------------------------------------
2009-01-30 11:50:08 ybuffer[19]z:
2009-01-30 11:50:08 ybuffer[20]z:
2009-01-30 11:50:08 ybuffer[21]z:EƒVƒ~ƒ…ƒŒ[ƒVƒ‡ƒ“ŠÔ
2009-01-30 11:50:08 y$isAnyFloorz:
2009-01-30 11:50:08 ybuffer[22]z:ƒf[ƒ^æ“¾¬Œ÷F 300.000000
2009-01-30 11:50:08 ybuffer[23]z:EŒš•¨”
2009-01-30 11:50:08 y$isAnyFloorz:
2009-01-30 11:50:08 ybuffer[24]z:ƒf[ƒ^æ“¾¬Œ÷F    2
2009-01-30 11:50:08 ybuffer[25]z:EƒGƒŒƒx[ƒ^‰^s§Œä•û®
2009-01-30 11:50:08 ybuffer[26]z:ƒf[ƒ^æ“¾¬Œ÷F
2009-01-30 11:50:08 ybuffer[27]z:‚d‚k‚u‰^s§Œä•û®F [B   1] ...    1
2009-01-30 11:50:08 ybuffer[28]z:‚d‚k‚u‰^s§Œä•û®F [B   2] ...    2
2009-01-30 11:50:08 ybuffer[29]z:EƒGƒŒƒx[ƒ^”
2009-01-30 11:50:08 y$isAnyFloorz:
2009-01-30 11:50:08 ybuffer[30]z:ƒf[ƒ^æ“¾¬Œ÷F
2009-01-30 11:50:08 ybuffer[31]z:‚d‚k‚u”F [B   1] ...    1
2009-01-30 11:50:08 ybuffer[32]z:‚d‚k‚u”F [B   2] ...    1
2009-01-30 11:50:08 ybuffer[33]z:EŒš•¨Å‚ŠK°”
2009-01-30 11:50:08 y$isAnyFloorz:
2009-01-30 11:50:08 ¡$floorNum:10
2009-01-30 11:50:08 ybuffer[34]z:ƒf[ƒ^æ“¾¬Œ÷F   10
2009-01-30 11:50:08 ybuffer[35]z:EŒğ’Êƒpƒ^[ƒ“
2009-01-30 11:50:08 y$isAnyFloorz:
2009-01-30 11:50:08 ybuffer[36]z:ƒf[ƒ^æ“¾¬Œ÷F    6
2009-01-30 11:50:08 ybuffer[37]z:Eã‚èW’†—¦
2009-01-30 11:50:08 y$isAnyFloorz:
2009-01-30 11:50:08 ybuffer[38]z:ƒf[ƒ^æ“¾¬Œ÷F    6.00
2009-01-30 11:50:08 ybuffer[39]z:E‰º‚èW’†—¦
2009-01-30 11:50:08 y$isAnyFloorz:
2009-01-30 11:50:08 ybuffer[40]z:ƒf[ƒ^æ“¾¬Œ÷F    6.00
2009-01-30 11:50:08 ybuffer[41]z:Eæ~Š„‡
2009-01-30 11:50:08 y$isAnyFloorz:
2009-01-30 11:50:08 ybuffer[42]z:ƒf[ƒ^æ“¾¬Œ÷F    1.00
2009-01-30 11:50:08 ybuffer[43]z:E‹ZÒ”
2009-01-30 11:50:08 y$isAnyFloorz:1
2009-01-30 11:50:08 ybuffer[45]z:‹ZÒ”F [   1] ... 25.000000
2009-01-30 11:50:08 ybuffer[46]z:‹ZÒ”F [   2] ... 25.000000
2009-01-30 11:50:08 ybuffer[47]z:‹ZÒ”F [   3] ... 25.000000
2009-01-30 11:50:08 ybuffer[48]z:‹ZÒ”F [   4] ... 25.000000
2009-01-30 11:50:08 ybuffer[49]z:‹ZÒ”F [   5] ... 25.000000
2009-01-30 11:50:08 ybuffer[50]z:‹ZÒ”F [   6] ... 25.000000
2009-01-30 11:50:08 ybuffer[51]z:‹ZÒ”F [   7] ... 25.000000
2009-01-30 11:50:08 ybuffer[52]z:‹ZÒ”F [   8] ... 25.000000
2009-01-30 11:50:08 ybuffer[53]z:‹ZÒ”F [   9] ... 25.000000
2009-01-30 11:50:08 ybuffer[54]z:‹ZÒ”F [  10] ... 25.000000
2009-01-30 11:50:08 ybuffer[55]z:‹ZÒ‘”:250.0
2009-01-30 11:50:08 ybuffer[56]z:EŠeŠK‚
2009-01-30 11:50:08 ybuffer[57]z:ƒf[ƒ^æ“¾¬Œ÷F
2009-01-30 11:50:08 ybuffer[58]z:ŠK‚F [   1] ... 3500.000000
2009-01-30 11:50:08 ybuffer[59]z:ŠK‚F [   2] ... 3500.000000
2009-01-30 11:50:08 ybuffer[60]z:ŠK‚F [   3] ... 3500.000000
2009-01-30 11:50:08 ybuffer[61]z:ŠK‚F [   4] ... 3500.000000
2009-01-30 11:50:08 ybuffer[62]z:ŠK‚F [   5] ... 3500.000000
2009-01-30 11:50:08 ybuffer[63]z:ŠK‚F [   6] ... 3500.000000
2009-01-30 11:50:08 ybuffer[64]z:ŠK‚F [   7] ... 3500.000000
2009-01-30 11:50:08 ybuffer[65]z:ŠK‚F [   8] ... 3500.000000
2009-01-30 11:50:08 ybuffer[66]z:ŠK‚F [   9] ... 3500.000000
2009-01-30 11:50:08 ybuffer[67]z:ŠK‚F [  10] ... 3500.000000
2009-01-30 11:50:08 ybuffer[68]z:E‚©‚²”
2009-01-30 11:50:08 ybuffer[69]z:ƒf[ƒ^æ“¾¬Œ÷F
2009-01-30 11:50:08 ybuffer[70]z:‚©‚²”F [B   1,E   1] ...    1
2009-01-30 11:50:08 ybuffer[71]z:‚©‚²”F [B   2,E   1] ...    1
2009-01-30 11:50:08 ybuffer[72]z:E‚©‚²ƒf[ƒ^(•ª‘¬)
2009-01-30 11:50:08 ybuffer[73]z:•ª‘¬F [B   1,E   1,C   1] ... 105.00
2009-01-30 11:50:08 ybuffer[74]z:•ª‘¬F [B   2,E   1,C   1] ... 105.00
2009-01-30 11:50:08 ybuffer[75]z:ƒf[ƒ^æ“¾¬Œ÷F
2009-01-30 11:50:08 ybuffer[76]z:E‚©‚²ƒf[ƒ^(‰ÁŒ¸‘¬‹——£)
2009-01-30 11:50:08 ybuffer[77]z:‰ÁŒ¸‘¬‹——£F [B   1,E   1,C   1] ...   5.10
2009-01-30 11:50:08 ybuffer[78]z:‰ÁŒ¸‘¬‹——£F [B   2,E   1,C   1] ...   5.10
2009-01-30 11:50:08 ybuffer[79]z:ƒf[ƒ^æ“¾¬Œ÷F
2009-01-30 11:50:08 ybuffer[80]z:E‚©‚²ƒf[ƒ^(‰ÁŒ¸‘¬ŠÔ)
2009-01-30 11:50:08 ybuffer[81]z:‰ÁŒ¸‘¬ŠÔF [B   1,E   1,C   1] ...   6.80
2009-01-30 11:50:08 ybuffer[82]z:‰ÁŒ¸‘¬ŠÔF [B   2,E   1,C   1] ...   6.80
2009-01-30 11:50:08 ybuffer[83]z:ƒf[ƒ^æ“¾¬Œ÷F
2009-01-30 11:50:08 ybuffer[84]z:E‚©‚²ƒf[ƒ^(”àŠJŠÔ)
2009-01-30 11:50:08 ybuffer[85]z:”àŠJŠÔF [B   1,E   1,C   1] ...   2.10
2009-01-30 11:50:08 ybuffer[86]z:”àŠJŠÔF [B   2,E   1,C   1] ...   2.10
2009-01-30 11:50:08 ybuffer[87]z:ƒf[ƒ^æ“¾¬Œ÷F
2009-01-30 11:50:08 ybuffer[88]z:E‚©‚²ƒf[ƒ^(”à•ÂŠÔ)
2009-01-30 11:50:08 ybuffer[89]z:”à•ÂŠÔF [B   1,E   1,C   1] ...   3.70
2009-01-30 11:50:08 ybuffer[90]z:”à•ÂŠÔF [B   2,E   1,C   1] ...   3.70
2009-01-30 11:50:08 ybuffer[91]z:ƒf[ƒ^æ“¾¬Œ÷F
2009-01-30 11:50:08 ybuffer[92]z:E‚©‚²ƒf[ƒ^(ƒfƒbƒhƒ^ƒCƒ€)
2009-01-30 11:50:08 ybuffer[93]z:ƒfƒbƒhƒ^ƒCƒ€F [B   1,E   1,C   1] ...   0.00
2009-01-30 11:50:08 ybuffer[94]z:ƒfƒbƒhƒ^ƒCƒ€F [B   2,E   1,C   1] ...   0.00
2009-01-30 11:50:08 ybuffer[95]z:ƒf[ƒ^æ“¾¬Œ÷F
2009-01-30 11:50:08 ybuffer[96]z:E‚©‚²ƒf[ƒ^(æÔ’èˆõ)
2009-01-30 11:50:08 ybuffer[97]z:æÔ’èˆõF [B   1,E   1,C   1] ...  13.00
2009-01-30 11:50:08 ybuffer[98]z:æÔ’èˆõF [B   2,E   1,C   1] ...  13.00
2009-01-30 11:50:08 ybuffer[99]z:ƒf[ƒ^æ“¾¬Œ÷F
2009-01-30 11:50:08 ybuffer[100]z:E‚©‚²ƒf[ƒ^(‚©‚²ŠÔŒû)
2009-01-30 11:50:08 ybuffer[101]z:‚©‚²ŠÔŒûF [B   1,E   1,C   1] ...   1.60
2009-01-30 11:50:08 ybuffer[102]z:‚©‚²ŠÔŒûF [B   2,E   1,C   1] ...   1.60
2009-01-30 11:50:09 ybuffer[103]z:ƒf[ƒ^æ“¾¬Œ÷F
2009-01-30 11:50:09 ybuffer[104]z:E‚©‚²ƒf[ƒ^(‚©‚²‰œs)
2009-01-30 11:50:09 ybuffer[105]z:‚©‚²‰œsF [B   1,E   1,C   1] ...   1.35
2009-01-30 11:50:09 ybuffer[106]z:‚©‚²‰œsF [B   2,E   1,C   1] ...   1.35
2009-01-30 11:50:09 ybuffer[107]z:ƒf[ƒ^æ“¾¬Œ÷F
2009-01-30 11:50:09 ybuffer[108]z:E‚©‚²ƒf[ƒ^(¸~˜HŠÔŒû)
2009-01-30 11:50:09 ybuffer[109]z:¸~˜HŠÔŒûF [B   1,E   1,C   1] ...   2.15
2009-01-30 11:50:09 ybuffer[110]z:¸~˜HŠÔŒûF [B   2,E   1,C   1] ...   2.15
2009-01-30 11:50:09 ybuffer[111]z:ƒf[ƒ^æ“¾¬Œ÷F
2009-01-30 11:50:09 ybuffer[112]z:E‚©‚²ƒf[ƒ^(¸~˜H‰œs)
2009-01-30 11:50:09 ybuffer[113]z:¸~˜H‰œsF [B   1,E   1,C   1] ...   2.15
2009-01-30 11:50:09 ybuffer[114]z:¸~˜H‰œsF [B   2,E   1,C   1] ...   2.15
2009-01-30 11:50:09 ybuffer[115]z:ƒf[ƒ^æ“¾¬Œ÷F
2009-01-30 11:50:09 ybuffer[116]z:E‚©‚²ƒf[ƒ^(ŠK°”İ’è)
2009-01-30 11:50:09 ybuffer[117]z:ŠK°”F [B   1,E   1,C   1] ...     10
2009-01-30 11:50:09 ybuffer[118]z:ŠK°”F [B   2,E   1,C   1] ...     10
2009-01-30 11:50:09 ybuffer[119]z:ƒf[ƒ^İ’è¬Œ÷F
2009-01-30 11:50:09 ybuffer[120]z:E‚©‚²ƒf[ƒ^(ŠK°”İ’è)
2009-01-30 11:50:09 ybuffer[121]z:ƒf[ƒ^İ’è¬Œ÷F
2009-01-30 11:50:09 ybuffer[122]z:E‚©‚²ƒf[ƒ^(ŒvZ’lİ’è)
2009-01-30 11:50:09 ybuffer[123]z:ƒf[ƒ^İ’è¬Œ÷F
2009-01-30 11:50:09 ybuffer[124]z:EleLife InitData Start
2009-01-30 11:50:09 ybuffer[125]z:==< 2009.01.06 Ver.0.27.005 H.Murai 01/06 ƒfƒ‚ƒTƒCƒgC³ƒŠƒŠ[ƒX”Å(•s‹ï‡‰üC‚Q) >==
2009-01-30 11:50:09 ybuffer[126]z:LimitTime: 300.00
2009-01-30 11:50:09 ybuffer[127]z:
2009-01-30 11:50:09 ybuffer[128]z:PID--- CID- ToF TfF CLT---- CIT---- ToT---- TfT---- CWI---- TrT---- SvT---- SvS-----
2009-01-30 11:50:09 ybuffer[129]z:1    0   5   1     2.1     2.1     0.0     0.0    -2.1     0.0    -2.1 01.SVSP
2009-01-30 11:50:09 ybuffer[130]z:2    0   8   1     2.8     0.8     0.0     0.0    -2.8     0.0    -2.8 01.SVSP
2009-01-30 11:50:09 ybuffer[131]z:3    0   1   6     3.5     0.6     0.0     0.0    -3.5     0.0    -3.5 01.SVSP
2009-01-30 11:50:09 ybuffer[132]z:4    0   1   6     4.3     0.8     0.0     0.0    -4.3     0.0    -4.3 01.SVSP
2009-01-30 11:50:09 ybuffer[133]z:5    0   6   1     9.6     5.3     0.0     0.0    -9.6     0.0    -9.6 01.SVSP
2009-01-30 11:50:09 ybuffer[134]z:6    0   1   6    13.3     3.7     0.0     0.0   -13.3     0.0   -13.3 01.SVSP
2009-01-30 11:50:09 ybuffer[135]z:7    0   8   1    14.7     1.4     0.0     0.0   -14.7     0.0   -14.7 01.SVSP
2009-01-30 11:50:09 ybuffer[136]z:8    0   1   3    20.1     5.4     0.0     0.0   -20.1     0.0   -20.1 01.SVSP
2009-01-30 11:50:09 ybuffer[137]z:9    0   1   3    28.2     8.1     0.0     0.0   -28.2     0.0   -28.2 01.SVSP
2009-01-30 11:50:09 ybuffer[138]z:10    0   7   1    35.8     7.7     0.0     0.0   -35.8     0.0   -35.8 01.SVSP
2009-01-30 11:50:09 ybuffer[139]z:11    0   1   9    41.7     5.9     0.0     0.0   -41.7     0.0   -41.7 01.SVSP
2009-01-30 11:50:09 ybuffer[140]z:12    0   1   6    44.5     2.7     0.0     0.0   -44.5     0.0   -44.5 01.SVSP
2009-01-30 11:50:09 ybuffer[141]z:13    0   7   1    47.4     2.9     0.0     0.0   -47.4     0.0   -47.4 01.SVSP
2009-01-30 11:50:09 ybuffer[142]z:14    0   1   3    60.4    12.9     0.0     0.0   -60.4     0.0   -60.4 01.SVSP
2009-01-30 11:50:09 ybuffer[143]z:15    0   1  10    67.2     6.8     0.0     0.0   -67.2     0.0   -67.2 01.SVSP
2009-01-30 11:50:09 ybuffer[144]z:16    0   1   4    77.6    10.4     0.0     0.0   -77.6     0.0   -77.6 01.SVSP
2009-01-30 11:50:09 ybuffer[145]z:17    0   1   5    97.2    19.6     0.0     0.0   -97.2     0.0   -97.2 01.SVSP
2009-01-30 11:50:09 ybuffer[146]z:18    0   6   1   105.0     7.8     0.0     0.0  -105.0     0.0  -105.0 01.SVSP
2009-01-30 11:50:09 ybuffer[147]z:19    0   9   1   129.6    24.6     0.0     0.0  -129.6     0.0  -129.6 01.SVSP
2009-01-30 11:50:09 ybuffer[148]z:20    0   5   1   146.5    16.9     0.0     0.0  -146.5     0.0  -146.5 01.SVSP
2009-01-30 11:50:09 ybuffer[149]z:21    0   2   1   174.8    28.3     0.0     0.0  -174.8     0.0  -174.8 01.SVSP
2009-01-30 11:50:09 ybuffer[150]z:22    0   1   3   177.0     2.3     0.0     0.0  -177.0     0.0  -177.0 01.SVSP
2009-01-30 11:50:09 ybuffer[151]z:23    0   9   1   196.3    19.3     0.0     0.0  -196.3     0.0  -196.3 01.SVSP
2009-01-30 11:50:09 ybuffer[152]z:24    0   1  10   204.6     8.2     0.0     0.0  -204.6     0.0  -204.6 01.SVSP
2009-01-30 11:50:09 ybuffer[153]z:25    0   1   2   207.5     2.9     0.0     0.0  -207.5     0.0  -207.5 01.SVSP
2009-01-30 11:50:09 ybuffer[154]z:26    0   4   1   224.5    17.0     0.0     0.0  -224.5     0.0  -224.5 01.SVSP
2009-01-30 11:50:09 ybuffer[155]z:27    0   1   9   226.6     2.1     0.0     0.0  -226.6     0.0  -226.6 01.SVSP
2009-01-30 11:50:09 ybuffer[156]z:28    0   5   1   228.1     1.5     0.0     0.0  -228.1     0.0  -228.1 01.SVSP
2009-01-30 11:50:09 ybuffer[157]z:29    0   1   5   234.0     5.9     0.0     0.0  -234.0     0.0  -234.0 01.SVSP
2009-01-30 11:50:09 ybuffer[158]z:30    0   7   1   242.7     8.7     0.0     0.0  -242.7     0.0  -242.7 01.SVSP
2009-01-30 11:50:09 ybuffer[159]z:31    0  10   1   248.4     5.8     0.0     0.0  -248.4     0.0  -248.4 01.SVSP
2009-01-30 11:50:09 ybuffer[160]z:32    0   1   7   253.5     5.0     0.0     0.0  -253.5     0.0  -253.5 01.SVSP
2009-01-30 11:50:09 ybuffer[161]z:33    0   1   8   260.4     7.0     0.0     0.0  -260.4     0.0  -260.4 01.SVSP
2009-01-30 11:50:09 ybuffer[162]z:34    0   1   5   262.3     1.8     0.0     0.0  -262.3     0.0  -262.3 01.SVSP
2009-01-30 11:50:09 ybuffer[163]z:35    0   1   5   271.7     9.4     0.0     0.0  -271.7     0.0  -271.7 01.SVSP
2009-01-30 11:50:09 ybuffer[164]z:36    0   1   6   277.3     5.6     0.0     0.0  -277.3     0.0  -277.3 01.SVSP
2009-01-30 11:50:09 ybuffer[165]z:PID--- CID- ToF TfF CLT---- CIT---- ToT---- TfT---- CWI---- TrT---- SvT---- SvS-----
2009-01-30 11:50:09 ybuffer[166]z:----< Dump Status Data >----
2009-01-30 11:50:09 ybuffer[167]z:ChartTable[  1][] =
2009-01-30 11:50:09 ybuffer[168]z:0.00000
2009-01-30 11:50:09 ybuffer[169]z:0.11111
2009-01-30 11:50:09 ybuffer[170]z:0.11111
2009-01-30 11:50:09 ybuffer[171]z:0.11111
2009-01-30 11:50:09 ybuffer[172]z:0.11111
2009-01-30 11:50:09 ybuffer[173]z:0.11111
2009-01-30 11:50:09 ybuffer[174]z:0.11111
2009-01-30 11:50:09 ybuffer[175]z:0.11111
2009-01-30 11:50:09 ybuffer[176]z:0.11111
2009-01-30 11:50:09 ybuffer[177]z:0.11111
2009-01-30 11:50:09 ybuffer[178]z:
2009-01-30 11:50:09 ybuffer[179]z:ChartTable[  2][] =
2009-01-30 11:50:09 ybuffer[180]z:0.11111
2009-01-30 11:50:09 ybuffer[181]z:0.00000
2009-01-30 11:50:09 ybuffer[182]z:0.00000
2009-01-30 11:50:09 ybuffer[183]z:0.00000
2009-01-30 11:50:09 ybuffer[184]z:0.00000
2009-01-30 11:50:09 ybuffer[185]z:0.00000
2009-01-30 11:50:09 ybuffer[186]z:0.00000
2009-01-30 11:50:09 ybuffer[187]z:0.00000
2009-01-30 11:50:09 ybuffer[188]z:0.00000
2009-01-30 11:50:09 ybuffer[189]z:0.00000
2009-01-30 11:50:09 ybuffer[190]z:
2009-01-30 11:50:09 ybuffer[191]z:ChartTable[  3][] =
2009-01-30 11:50:09 ybuffer[192]z:0.11111
2009-01-30 11:50:09 ybuffer[193]z:0.00000
2009-01-30 11:50:09 ybuffer[194]z:0.00000
2009-01-30 11:50:09 ybuffer[195]z:0.00000
2009-01-30 11:50:09 ybuffer[196]z:0.00000
2009-01-30 11:50:09 ybuffer[197]z:0.00000
2009-01-30 11:50:09 ybuffer[198]z:0.00000
2009-01-30 11:50:09 ybuffer[199]z:0.00000
2009-01-30 11:50:09 yfile closez:J:\git\stoaconverter\SimToAnimConvert.log
2009-01-30 11:50:09 yend   converterz
--------------------------------------------------------------------------------------------------------------------------------
2009-01-30 11:56:14 ystart converterz
2009-01-30 11:56:14
2009-01-30 11:56:14 yfile openz:J:\git\stoaconverter\SimToAnimConvert.log
2009-01-30 11:56:14 ybuffer[0]z:Java Plug-in 1.6.0_11
2009-01-30 11:56:14 ybuffer[1]z:g—p’†‚Ì JRE ‚Ìƒo[ƒWƒ‡ƒ“ 1.6.0_11 Java HotSpot(TM) Client VM
2009-01-30 11:56:14 ybuffer[2]z:ƒ†[ƒU‚Ìƒz[ƒ€ƒfƒBƒŒƒNƒgƒŠ = C:\Documents and Settings\Administrator
2009-01-30 11:56:14 ybuffer[3]z:----------------------------------------------------
2009-01-30 11:56:14 ybuffer[4]z:c:   ƒRƒ“ƒ\[ƒ‹ƒEƒBƒ“ƒhƒE‚ğƒNƒŠƒA
2009-01-30 11:56:14 ybuffer[5]z:f:   ƒtƒ@ƒCƒiƒ‰ƒCƒYƒLƒ…[‚ÌƒIƒuƒWƒFƒNƒg‚ğƒtƒ@ƒCƒiƒ‰ƒCƒY
2009-01-30 11:56:14 ybuffer[6]z:g:   ƒKƒx[ƒWƒRƒŒƒNƒg
2009-01-30 11:56:14 ybuffer[7]z:h:   ‚±‚Ìƒwƒ‹ƒvƒƒbƒZ[ƒW‚ğ•\¦
2009-01-30 11:56:14 ybuffer[8]z:l:   ƒNƒ‰ƒXƒ[ƒ_ƒŠƒXƒg‚ğƒ_ƒ“ƒv
2009-01-30 11:56:14 ybuffer[9]z:m:   ƒƒ‚ƒŠg—p—¦‚ğ•\¦
2009-01-30 11:56:14 ybuffer[10]z:o:   ƒgƒŠƒKƒƒO
2009-01-30 11:56:14 ybuffer[11]z:q:   ƒRƒ“ƒ\[ƒ‹‚ğ”ñ•\¦
2009-01-30 11:56:14 ybuffer[12]z:r:   ƒ|ƒŠƒV[İ’è‚ğÄƒ[ƒh
2009-01-30 11:56:14 ybuffer[13]z:s:   ƒVƒXƒeƒ€ƒvƒƒpƒeƒB‚Æ”z”õƒvƒƒpƒeƒB‚ğƒ_ƒ“ƒv
2009-01-30 11:56:14 ybuffer[14]z:t:   ƒXƒŒƒbƒhƒŠƒXƒg‚ğƒ_ƒ“ƒv
2009-01-30 11:56:14 ybuffer[15]z:v:   ƒXƒŒƒbƒhƒXƒ^ƒbƒN‚ğƒ_ƒ“ƒv
2009-01-30 11:56:14 ybuffer[16]z:x:   ƒNƒ‰ƒXƒ[ƒ_ƒLƒƒƒbƒVƒ…‚ğƒNƒŠƒA
2009-01-30 11:56:14 ybuffer[17]z:0-5: ƒgƒŒ[ƒXƒŒƒxƒ‹‚ğ <n> ‚Éİ’è
2009-01-30 11:56:14 ybuffer[18]z:----------------------------------------------------
2009-01-30 11:56:14 ybuffer[19]z:
2009-01-30 11:56:14 ybuffer[20]z:
2009-01-30 11:56:14 ybuffer[21]z:EƒVƒ~ƒ…ƒŒ[ƒVƒ‡ƒ“ŠÔ
2009-01-30 11:56:14 y$isAnyFloorz:
2009-01-30 11:56:14 ybuffer[22]z:ƒf[ƒ^æ“¾¬Œ÷F 300.000000
2009-01-30 11:56:14 ybuffer[23]z:EŒš•¨”
2009-01-30 11:56:14 y$isAnyFloorz:
2009-01-30 11:56:14 ybuffer[24]z:ƒf[ƒ^æ“¾¬Œ÷F    2
2009-01-30 11:56:14 ybuffer[25]z:EƒGƒŒƒx[ƒ^‰^s§Œä•û®
2009-01-30 11:56:14 ybuffer[26]z:ƒf[ƒ^æ“¾¬Œ÷F
2009-01-30 11:56:14 ybuffer[27]z:‚d‚k‚u‰^s§Œä•û®F [B   1] ...    1
2009-01-30 11:56:14 ybuffer[28]z:‚d‚k‚u‰^s§Œä•û®F [B   2] ...    2
2009-01-30 11:56:14 ybuffer[29]z:EƒGƒŒƒx[ƒ^”
2009-01-30 11:56:14 y$isAnyFloorz:
2009-01-30 11:56:14 ybuffer[30]z:ƒf[ƒ^æ“¾¬Œ÷F
2009-01-30 11:56:14 ybuffer[31]z:‚d‚k‚u”F [B   1] ...    1
2009-01-30 11:56:14 ybuffer[32]z:‚d‚k‚u”F [B   2] ...    1
2009-01-30 11:56:14 ybuffer[33]z:EŒš•¨Å‚ŠK°”
2009-01-30 11:56:14 y$isAnyFloorz:
2009-01-30 11:56:14 ¡$floorNum:10
2009-01-30 11:56:14 ybuffer[34]z:ƒf[ƒ^æ“¾¬Œ÷F   10
2009-01-30 11:56:14 ybuffer[35]z:EŒğ’Êƒpƒ^[ƒ“
2009-01-30 11:56:14 y$isAnyFloorz:
2009-01-30 11:56:14 ybuffer[36]z:ƒf[ƒ^æ“¾¬Œ÷F    6
2009-01-30 11:56:14 ybuffer[37]z:Eã‚èW’†—¦
2009-01-30 11:56:14 y$isAnyFloorz:
2009-01-30 11:56:14 ybuffer[38]z:ƒf[ƒ^æ“¾¬Œ÷F    6.00
2009-01-30 11:56:14 ybuffer[39]z:E‰º‚èW’†—¦
2009-01-30 11:56:14 y$isAnyFloorz:
2009-01-30 11:56:14 ybuffer[40]z:ƒf[ƒ^æ“¾¬Œ÷F    6.00
2009-01-30 11:56:14 ybuffer[41]z:Eæ~Š„‡
2009-01-30 11:56:14 y$isAnyFloorz:
2009-01-30 11:56:14 ybuffer[42]z:ƒf[ƒ^æ“¾¬Œ÷F    1.00
2009-01-30 11:56:14 ybuffer[43]z:E‹ZÒ”
2009-01-30 11:56:14 y$isAnyFloorz:1
2009-01-30 11:56:14 ¡$floorCt:1
2009-01-30 11:56:14 loopCt:44
2009-01-30 11:56:14 ybuffer[45]z:‹ZÒ”F [   1] ... 25.000000
2009-01-30 11:56:14 ybuffer[46]z:‹ZÒ”F [   2] ... 25.000000
2009-01-30 11:56:14 ybuffer[47]z:‹ZÒ”F [   3] ... 25.000000
2009-01-30 11:56:14 ybuffer[48]z:‹ZÒ”F [   4] ... 25.000000
2009-01-30 11:56:14 ybuffer[49]z:‹ZÒ”F [   5] ... 25.000000
2009-01-30 11:56:14 ybuffer[50]z:‹ZÒ”F [   6] ... 25.000000
2009-01-30 11:56:14 ybuffer[51]z:‹ZÒ”F [   7] ... 25.000000
2009-01-30 11:56:14 ybuffer[52]z:‹ZÒ”F [   8] ... 25.000000
2009-01-30 11:56:14 ybuffer[53]z:‹ZÒ”F [   9] ... 25.000000
2009-01-30 11:56:14 ybuffer[54]z:‹ZÒ”F [  10] ... 25.000000
2009-01-30 11:56:14 ybuffer[55]z:‹ZÒ‘”:250.0
2009-01-30 11:56:14 ybuffer[56]z:EŠeŠK‚
2009-01-30 11:56:14 ybuffer[57]z:ƒf[ƒ^æ“¾¬Œ÷F
2009-01-30 11:56:14 ybuffer[58]z:ŠK‚F [   1] ... 3500.000000
2009-01-30 11:56:14 ybuffer[59]z:ŠK‚F [   2] ... 3500.000000
2009-01-30 11:56:14 ybuffer[60]z:ŠK‚F [   3] ... 3500.000000
2009-01-30 11:56:14 ybuffer[61]z:ŠK‚F [   4] ... 3500.000000
2009-01-30 11:56:14 ybuffer[62]z:ŠK‚F [   5] ... 3500.000000
2009-01-30 11:56:14 ybuffer[63]z:ŠK‚F [   6] ... 3500.000000
2009-01-30 11:56:14 ybuffer[64]z:ŠK‚F [   7] ... 3500.000000
2009-01-30 11:56:14 ybuffer[65]z:ŠK‚F [   8] ... 3500.000000
2009-01-30 11:56:14 ybuffer[66]z:ŠK‚F [   9] ... 3500.000000
2009-01-30 11:56:14 ybuffer[67]z:ŠK‚F [  10] ... 3500.000000
2009-01-30 11:56:14 ybuffer[68]z:E‚©‚²”
2009-01-30 11:56:14 ybuffer[69]z:ƒf[ƒ^æ“¾¬Œ÷F
2009-01-30 11:56:14 ybuffer[70]z:‚©‚²”F [B   1,E   1] ...    1
2009-01-30 11:56:15 ybuffer[71]z:‚©‚²”F [B   2,E   1] ...    1
2009-01-30 11:56:15 ybuffer[72]z:E‚©‚²ƒf[ƒ^(•ª‘¬)
2009-01-30 11:56:15 ybuffer[73]z:•ª‘¬F [B   1,E   1,C   1] ... 105.00
2009-01-30 11:56:15 ybuffer[74]z:•ª‘¬F [B   2,E   1,C   1] ... 105.00
2009-01-30 11:56:15 ybuffer[75]z:ƒf[ƒ^æ“¾¬Œ÷F
2009-01-30 11:56:15 ybuffer[76]z:E‚©‚²ƒf[ƒ^(‰ÁŒ¸‘¬‹——£)
2009-01-30 11:56:15 ybuffer[77]z:‰ÁŒ¸‘¬‹——£F [B   1,E   1,C   1] ...   5.10
2009-01-30 11:56:15 ybuffer[78]z:‰ÁŒ¸‘¬‹——£F [B   2,E   1,C   1] ...   5.10
2009-01-30 11:56:15 ybuffer[79]z:ƒf[ƒ^æ“¾¬Œ÷F
2009-01-30 11:56:15 ybuffer[80]z:E‚©‚²ƒf[ƒ^(‰ÁŒ¸‘¬ŠÔ)
2009-01-30 11:56:15 ybuffer[81]z:‰ÁŒ¸‘¬ŠÔF [B   1,E   1,C   1] ...   6.80
2009-01-30 11:56:15 ybuffer[82]z:‰ÁŒ¸‘¬ŠÔF [B   2,E   1,C   1] ...   6.80
2009-01-30 11:56:15 ybuffer[83]z:ƒf[ƒ^æ“¾¬Œ÷F
2009-01-30 11:56:15 ybuffer[84]z:E‚©‚²ƒf[ƒ^(”àŠJŠÔ)
2009-01-30 11:56:15 ybuffer[85]z:”àŠJŠÔF [B   1,E   1,C   1] ...   2.10
2009-01-30 11:56:15 ybuffer[86]z:”àŠJŠÔF [B   2,E   1,C   1] ...   2.10
2009-01-30 11:56:15 ybuffer[87]z:ƒf[ƒ^æ“¾¬Œ÷F
2009-01-30 11:56:15 ybuffer[88]z:E‚©‚²ƒf[ƒ^(”à•ÂŠÔ)
2009-01-30 11:56:15 ybuffer[89]z:”à•ÂŠÔF [B   1,E   1,C   1] ...   3.70
2009-01-30 11:56:15 ybuffer[90]z:”à•ÂŠÔF [B   2,E   1,C   1] ...   3.70
2009-01-30 11:56:15 ybuffer[91]z:ƒf[ƒ^æ“¾¬Œ÷F
2009-01-30 11:56:15 ybuffer[92]z:E‚©‚²ƒf[ƒ^(ƒfƒbƒhƒ^ƒCƒ€)
2009-01-30 11:56:15 ybuffer[93]z:ƒfƒbƒhƒ^ƒCƒ€F [B   1,E   1,C   1] ...   0.00
2009-01-30 11:56:15 ybuffer[94]z:ƒfƒbƒhƒ^ƒCƒ€F [B   2,E   1,C   1] ...   0.00
2009-01-30 11:56:15 ybuffer[95]z:ƒf[ƒ^æ“¾¬Œ÷F
2009-01-30 11:56:15 ybuffer[96]z:E‚©‚²ƒf[ƒ^(æÔ’èˆõ)
2009-01-30 11:56:15 ybuffer[97]z:æÔ’èˆõF [B   1,E   1,C   1] ...  13.00
2009-01-30 11:56:15 ybuffer[98]z:æÔ’èˆõF [B   2,E   1,C   1] ...  13.00
2009-01-30 11:56:15 ybuffer[99]z:ƒf[ƒ^æ“¾¬Œ÷F
2009-01-30 11:56:15 ybuffer[100]z:E‚©‚²ƒf[ƒ^(‚©‚²ŠÔŒû)
2009-01-30 11:56:15 ybuffer[101]z:‚©‚²ŠÔŒûF [B   1,E   1,C   1] ...   1.60
2009-01-30 11:56:15 ybuffer[102]z:‚©‚²ŠÔŒûF [B   2,E   1,C   1] ...   1.60
2009-01-30 11:56:15 ybuffer[103]z:ƒf[ƒ^æ“¾¬Œ÷F
2009-01-30 11:56:15 ybuffer[104]z:E‚©‚²ƒf[ƒ^(‚©‚²‰œs)
2009-01-30 11:56:15 ybuffer[105]z:‚©‚²‰œsF [B   1,E   1,C   1] ...   1.35
2009-01-30 11:56:15 ybuffer[106]z:‚©‚²‰œsF [B   2,E   1,C   1] ...   1.35
2009-01-30 11:56:15 ybuffer[107]z:ƒf[ƒ^æ“¾¬Œ÷F
2009-01-30 11:56:15 ybuffer[108]z:E‚©‚²ƒf[ƒ^(¸~˜HŠÔŒû)
2009-01-30 11:56:15 ybuffer[109]z:¸~˜HŠÔŒûF [B   1,E   1,C   1] ...   2.15
2009-01-30 11:56:15 ybuffer[110]z:¸~˜HŠÔŒûF [B   2,E   1,C   1] ...   2.15
2009-01-30 11:56:15 ybuffer[111]z:ƒf[ƒ^æ“¾¬Œ÷F
2009-01-30 11:56:15 ybuffer[112]z:E‚©‚²ƒf[ƒ^(¸~˜H‰œs)
2009-01-30 11:56:15 ybuffer[113]z:¸~˜H‰œsF [B   1,E   1,C   1] ...   2.15
2009-01-30 11:56:15 ybuffer[114]z:¸~˜H‰œsF [B   2,E   1,C   1] ...   2.15
2009-01-30 11:56:15 ybuffer[115]z:ƒf[ƒ^æ“¾¬Œ÷F
2009-01-30 11:56:15 ybuffer[116]z:E‚©‚²ƒf[ƒ^(ŠK°”İ’è)
2009-01-30 11:56:15 ybuffer[117]z:ŠK°”F [B   1,E   1,C   1] ...     10
2009-01-30 11:56:15 ybuffer[118]z:ŠK°”F [B   2,E   1,C   1] ...     10
2009-01-30 11:56:15 ybuffer[119]z:ƒf[ƒ^İ’è¬Œ÷F
2009-01-30 11:56:15 ybuffer[120]z:E‚©‚²ƒf[ƒ^(ŠK°”İ’è)
2009-01-30 11:56:15 ybuffer[121]z:ƒf[ƒ^İ’è¬Œ÷F
2009-01-30 11:56:15 ybuffer[122]z:E‚©‚²ƒf[ƒ^(ŒvZ’lİ’è)
2009-01-30 11:56:15 ybuffer[123]z:ƒf[ƒ^İ’è¬Œ÷F
2009-01-30 11:56:15 ybuffer[124]z:EleLife InitData Start
2009-01-30 11:56:15 ybuffer[125]z:==< 2009.01.06 Ver.0.27.005 H.Murai 01/06 ƒfƒ‚ƒTƒCƒgC³ƒŠƒŠ[ƒX”Å(•s‹ï‡‰üC‚Q) >==
2009-01-30 11:56:15 ybuffer[126]z:LimitTime: 300.00
2009-01-30 11:56:15 ybuffer[127]z:
2009-01-30 11:56:15 ybuffer[128]z:PID--- CID- ToF TfF CLT---- CIT---- ToT---- TfT---- CWI---- TrT---- SvT---- SvS-----
2009-01-30 11:56:15 ybuffer[129]z:1    0   5   1     2.1     2.1     0.0     0.0    -2.1     0.0    -2.1 01.SVSP
2009-01-30 11:56:15 ybuffer[130]z:2    0   8   1     2.8     0.8     0.0     0.0    -2.8     0.0    -2.8 01.SVSP
2009-01-30 11:56:15 ybuffer[131]z:3    0   1   6     3.5     0.6     0.0     0.0    -3.5     0.0    -3.5 01.SVSP
2009-01-30 11:56:15 ybuffer[132]z:4    0   1   6     4.3     0.8     0.0     0.0    -4.3     0.0    -4.3 01.SVSP
2009-01-30 11:56:15 ybuffer[133]z:5    0   6   1     9.6     5.3     0.0     0.0    -9.6     0.0    -9.6 01.SVSP
2009-01-30 11:56:15 ybuffer[134]z:6    0   1   6    13.3     3.7     0.0     0.0   -13.3     0.0   -13.3 01.SVSP
2009-01-30 11:56:15 ybuffer[135]z:7    0   8   1    14.7     1.4     0.0     0.0   -14.7     0.0   -14.7 01.SVSP
2009-01-30 11:56:15 ybuffer[136]z:8    0   1   3    20.1     5.4     0.0     0.0   -20.1     0.0   -20.1 01.SVSP
2009-01-30 11:56:15 ybuffer[137]z:9    0   1   3    28.2     8.1     0.0     0.0   -28.2     0.0   -28.2 01.SVSP
2009-01-30 11:56:15 ybuffer[138]z:10    0   7   1    35.8     7.7     0.0     0.0   -35.8     0.0   -35.8 01.SVSP
2009-01-30 11:56:15 ybuffer[139]z:11    0   1   9    41.7     5.9     0.0     0.0   -41.7     0.0   -41.7 01.SVSP
2009-01-30 11:56:15 ybuffer[140]z:12    0   1   6    44.5     2.7     0.0     0.0   -44.5     0.0   -44.5 01.SVSP
2009-01-30 11:56:15 ybuffer[141]z:13    0   7   1    47.4     2.9     0.0     0.0   -47.4     0.0   -47.4 01.SVSP
2009-01-30 11:56:15 ybuffer[142]z:14    0   1   3    60.4    12.9     0.0     0.0   -60.4     0.0   -60.4 01.SVSP
2009-01-30 11:56:15 ybuffer[143]z:15    0   1  10    67.2     6.8     0.0     0.0   -67.2     0.0   -67.2 01.SVSP
2009-01-30 11:56:15 ybuffer[144]z:16    0   1   4    77.6    10.4     0.0     0.0   -77.6     0.0   -77.6 01.SVSP
2009-01-30 11:56:15 ybuffer[145]z:17    0   1   5    97.2    19.6     0.0     0.0   -97.2     0.0   -97.2 01.SVSP
2009-01-30 11:56:15 ybuffer[146]z:18    0   6   1   105.0     7.8     0.0     0.0  -105.0     0.0  -105.0 01.SVSP
2009-01-30 11:56:15 ybuffer[147]z:19    0   9   1   129.6    24.6     0.0     0.0  -129.6     0.0  -129.6 01.SVSP
2009-01-30 11:56:15 ybuffer[148]z:20    0   5   1   146.5    16.9     0.0     0.0  -146.5     0.0  -146.5 01.SVSP
2009-01-30 11:56:15 ybuffer[149]z:21    0   2   1   174.8    28.3     0.0     0.0  -174.8     0.0  -174.8 01.SVSP
2009-01-30 11:56:15 ybuffer[150]z:22    0   1   3   177.0     2.3     0.0     0.0  -177.0     0.0  -177.0 01.SVSP
2009-01-30 11:56:15 ybuffer[151]z:23    0   9   1   196.3    19.3     0.0     0.0  -196.3     0.0  -196.3 01.SVSP
2009-01-30 11:56:15 ybuffer[152]z:24    0   1  10   204.6     8.2     0.0     0.0  -204.6     0.0  -204.6 01.SVSP
2009-01-30 11:56:15 ybuffer[153]z:25    0   1   2   207.5     2.9     0.0     0.0  -207.5     0.0  -207.5 01.SVSP
2009-01-30 11:56:15 ybuffer[154]z:26    0   4   1   224.5    17.0     0.0     0.0  -224.5     0.0  -224.5 01.SVSP
2009-01-30 11:56:15 ybuffer[155]z:27    0   1   9   226.6     2.1     0.0     0.0  -226.6     0.0  -226.6 01.SVSP
2009-01-30 11:56:15 ybuffer[156]z:28    0   5   1   228.1     1.5     0.0     0.0  -228.1     0.0  -228.1 01.SVSP
2009-01-30 11:56:15 ybuffer[157]z:29    0   1   5   234.0     5.9     0.0     0.0  -234.0     0.0  -234.0 01.SVSP
2009-01-30 11:56:15 ybuffer[158]z:30    0   7   1   242.7     8.7     0.0     0.0  -242.7     0.0  -242.7 01.SVSP
2009-01-30 11:56:15 ybuffer[159]z:31    0  10   1   248.4     5.8     0.0     0.0  -248.4     0.0  -248.4 01.SVSP
2009-01-30 11:56:15 ybuffer[160]z:32    0   1   7   253.5     5.0     0.0     0.0  -253.5     0.0  -253.5 01.SVSP
2009-01-30 11:56:15 ybuffer[161]z:33    0   1   8   260.4     7.0     0.0     0.0  -260.4     0.0  -260.4 01.SVSP
2009-01-30 11:56:15 ybuffer[162]z:34    0   1   5   262.3     1.8     0.0     0.0  -262.3     0.0  -262.3 01.SVSP
2009-01-30 11:56:15 ybuffer[163]z:35    0   1   5   271.7     9.4     0.0     0.0  -271.7     0.0  -271.7 01.SVSP
2009-01-30 11:56:15 ybuffer[164]z:36    0   1   6   277.3     5.6     0.0     0.0  -277.3     0.0  -277.3 01.SVSP
2009-01-30 11:56:15 ybuffer[165]z:PID--- CID- ToF TfF CLT---- CIT---- ToT---- TfT---- CWI---- TrT---- SvT---- SvS-----
2009-01-30 11:56:15 ybuffer[166]z:----< Dump Status Data >----
2009-01-30 11:56:15 ybuffer[167]z:ChartTable[  1][] =
2009-01-30 11:56:15 ybuffer[168]z:0.00000
2009-01-30 11:56:15 ybuffer[169]z:0.11111
2009-01-30 11:56:15 ybuffer[170]z:0.11111
2009-01-30 11:56:15 ybuffer[171]z:0.11111
2009-01-30 11:56:15 ybuffer[172]z:0.11111
2009-01-30 11:56:15 ybuffer[173]z:0.11111
2009-01-30 11:56:15 ybuffer[174]z:0.11111
2009-01-30 11:56:15 ybuffer[175]z:0.11111
2009-01-30 11:56:15 ybuffer[176]z:0.11111
2009-01-30 11:56:15 ybuffer[177]z:0.11111
2009-01-30 11:56:15 ybuffer[178]z:
2009-01-30 11:56:15 ybuffer[179]z:ChartTable[  2][] =
2009-01-30 11:56:15 ybuffer[180]z:0.11111
2009-01-30 11:56:15 ybuffer[181]z:0.00000
2009-01-30 11:56:15 ybuffer[182]z:0.00000
2009-01-30 11:56:15 ybuffer[183]z:0.00000
2009-01-30 11:56:15 ybuffer[184]z:0.00000
2009-01-30 11:56:15 ybuffer[185]z:0.00000
2009-01-30 11:56:15 ybuffer[186]z:0.00000
2009-01-30 11:56:15 ybuffer[187]z:0.00000
2009-01-30 11:56:15 ybuffer[188]z:0.00000
2009-01-30 11:56:15 ybuffer[189]z:0.00000
2009-01-30 11:56:15 ybuffer[190]z:
2009-01-30 11:56:15 ybuffer[191]z:ChartTable[  3][] =
2009-01-30 11:56:15 ybuffer[192]z:0.11111
2009-01-30 11:56:15 ybuffer[193]z:0.00000
2009-01-30 11:56:15 ybuffer[194]z:0.00000
2009-01-30 11:56:15 ybuffer[195]z:0.00000
2009-01-30 11:56:15 ybuffer[196]z:0.00000
2009-01-30 11:56:15 ybuffer[197]z:0.00000
2009-01-30 11:56:15 ybuffer[198]z:0.00000
2009-01-30 11:56:15 ybuffer[199]z:0.00000
2009-01-30 11:56:15 yfile closez:J:\git\stoaconverter\SimToAnimConvert.log
2009-01-30 11:56:15 yend   converterz
2009-01-30 11:56:15 --------------------------------------------------------------------------------------------------------------------------------
2009-01-30 12:01:00 ystart converterz
2009-01-30 12:01:00
2009-01-30 12:01:00 yfile openz:J:\git\stoaconverter\SimToAnimConvert.log
2009-01-30 12:01:00 y$keyz:EƒVƒ~ƒ…ƒŒ[ƒVƒ‡ƒ“ŠÔ
2009-01-30 12:01:00 y$keyz:EŒš•¨”
2009-01-30 12:01:00 y$keyz:EƒGƒŒƒx[ƒ^”
2009-01-30 12:01:00 y$keyz:EŒš•¨Å‚ŠK°”
2009-01-30 12:01:00 ¡$floorNum:10
2009-01-30 12:01:00 y$keyz:EŒğ’Êƒpƒ^[ƒ“
2009-01-30 12:01:00 y$keyz:Eã‚èW’†—¦
2009-01-30 12:01:00 y$keyz:E‰º‚èW’†—¦
2009-01-30 12:01:00 y$keyz:Eæ~Š„‡
2009-01-30 12:01:00 y$keyz:E‹ZÒ”
2009-01-30 12:01:00 y$isAnyFloorz:1
2009-01-30 12:01:00 ¡$floorCt:1
2009-01-30 12:01:00 loopCt:44
2009-01-30 12:01:00 yfile closez:J:\git\stoaconverter\SimToAnimConvert.log
2009-01-30 12:01:00 yend   converterz
2009-01-30 12:01:00 --------------------------------------------------------------------------------------------------------------------------------
2009-01-30 12:02:09 ystart converterz
2009-01-30 12:02:09
2009-01-30 12:02:09 yfile openz:J:\git\stoaconverter\SimToAnimConvert.log
2009-01-30 12:02:09 y$keyz:EƒVƒ~ƒ…ƒŒ[ƒVƒ‡ƒ“ŠÔ
2009-01-30 12:02:09 y$keyz:EŒš•¨”
2009-01-30 12:02:09 y$keyz:EƒGƒŒƒx[ƒ^”
2009-01-30 12:02:09 y$keyz:EŒš•¨Å‚ŠK°”
2009-01-30 12:02:09 ¡$floorNum:10
2009-01-30 12:02:09 y$keyz:EŒğ’Êƒpƒ^[ƒ“
2009-01-30 12:02:09 y$keyz:Eã‚èW’†—¦
2009-01-30 12:02:09 y$keyz:E‰º‚èW’†—¦
2009-01-30 12:02:09 y$keyz:Eæ~Š„‡
2009-01-30 12:02:09 y$keyz:E‹ZÒ”
2009-01-30 12:02:09 y$isAnyFloorz:1
2009-01-30 12:02:09 ¡$floorCt:1
2009-01-30 12:02:09 loopCt:44
2009-01-30 12:02:09 yfile closez:J:\git\stoaconverter\SimToAnimConvert.log
2009-01-30 12:02:09 yend   converterz
2009-01-30 12:02:09 --------------------------------------------------------------------------------------------------------------------------------
2009-01-30 12:03:30 ystart converterz
2009-01-30 12:03:30
2009-01-30 12:03:30 yfile openz:J:\git\stoaconverter\SimToAnimConvert.log
2009-01-30 12:03:30 y$keyz:EƒVƒ~ƒ…ƒŒ[ƒVƒ‡ƒ“ŠÔ
2009-01-30 12:03:30 y$keyz:EŒš•¨”
2009-01-30 12:03:30 y$keyz:EƒGƒŒƒx[ƒ^”
2009-01-30 12:03:30 y$keyz:EŒš•¨Å‚ŠK°”
2009-01-30 12:03:30 ¡$floorNum:10
2009-01-30 12:03:30 y$keyz:EŒğ’Êƒpƒ^[ƒ“
2009-01-30 12:03:30 y$keyz:Eã‚èW’†—¦
2009-01-30 12:03:30 y$keyz:E‰º‚èW’†—¦
2009-01-30 12:03:30 y$keyz:Eæ~Š„‡
2009-01-30 12:03:30 y$keyz:E‹ZÒ”
2009-01-30 12:03:30 y$isAnyFloorz:1
2009-01-30 12:03:30 loopCt:43
2009-01-30 12:03:30 ¡$floorCt:1
2009-01-30 12:03:30 yfile closez:J:\git\stoaconverter\SimToAnimConvert.log
2009-01-30 12:03:30 yend   converterz
2009-01-30 12:03:30 --------------------------------------------------------------------------------------------------------------------------------
2009-01-30 12:04:59 ystart converterz
2009-01-30 12:04:59
2009-01-30 12:04:59 yfile openz:J:\git\stoaconverter\SimToAnimConvert.log
2009-01-30 12:04:59 y$keyz:EƒVƒ~ƒ…ƒŒ[ƒVƒ‡ƒ“ŠÔ
2009-01-30 12:04:59 y$keyz:EŒš•¨”
2009-01-30 12:04:59 y$keyz:EƒGƒŒƒx[ƒ^”
2009-01-30 12:04:59 y$keyz:EŒš•¨Å‚ŠK°”
2009-01-30 12:04:59 ¡$floorNum:10
2009-01-30 12:04:59 y$keyz:EŒğ’Êƒpƒ^[ƒ“
2009-01-30 12:04:59 y$keyz:Eã‚èW’†—¦
2009-01-30 12:04:59 y$keyz:E‰º‚èW’†—¦
2009-01-30 12:04:59 y$keyz:Eæ~Š„‡
2009-01-30 12:04:59 y$keyz:E‹ZÒ”
2009-01-30 12:04:59 y$isAnyFloorz:1
2009-01-30 12:04:59 loopCt:43
2009-01-30 12:04:59 ¡$floorCt:1
2009-01-30 12:04:59 yfile closez:J:\git\stoaconverter\SimToAnimConvert.log
2009-01-30 12:04:59 yend   converterz
2009-01-30 12:04:59 --------------------------------------------------------------------------------------------------------------------------------
2009-01-30 12:06:32 ystart converterz
2009-01-30 12:06:32
2009-01-30 12:06:32 yfile openz:J:\git\stoaconverter\SimToAnimConvert.log
2009-01-30 12:06:32 y$keyz:EƒVƒ~ƒ…ƒŒ[ƒVƒ‡ƒ“ŠÔ
2009-01-30 12:06:32 thisLoopBuffor:ƒf[ƒ^æ“¾¬Œ÷F 300.000000
2009-01-30 12:06:32 y$keyz:EŒš•¨”
2009-01-30 12:06:32 thisLoopBuffor:ƒf[ƒ^æ“¾¬Œ÷F    2
2009-01-30 12:06:32 y$keyz:EƒGƒŒƒx[ƒ^”
2009-01-30 12:06:32 thisLoopBuffor:‚d‚k‚u”F [B   1] ...    1
2009-01-30 12:06:32 y$keyz:EŒš•¨Å‚ŠK°”
2009-01-30 12:06:32 thisLoopBuffor:ƒf[ƒ^æ“¾¬Œ÷F   10
2009-01-30 12:06:32 ¡$floorNum:10
2009-01-30 12:06:32 y$keyz:EŒğ’Êƒpƒ^[ƒ“
2009-01-30 12:06:32 thisLoopBuffor:ƒf[ƒ^æ“¾¬Œ÷F    6
2009-01-30 12:06:32 y$keyz:Eã‚èW’†—¦
2009-01-30 12:06:32 thisLoopBuffor:ƒf[ƒ^æ“¾¬Œ÷F    6.00
2009-01-30 12:06:32 y$keyz:E‰º‚èW’†—¦
2009-01-30 12:06:32 thisLoopBuffor:ƒf[ƒ^æ“¾¬Œ÷F    6.00
2009-01-30 12:06:32 y$keyz:Eæ~Š„‡
2009-01-30 12:06:32 thisLoopBuffor:ƒf[ƒ^æ“¾¬Œ÷F    1.00
2009-01-30 12:06:32 y$keyz:E‹ZÒ”
2009-01-30 12:06:32 y$isAnyFloorz:1
2009-01-30 12:06:32 thisLoopBuffor:‹ZÒ”F [   1] ... 25.000000
2009-01-30 12:06:32 loopCt:43
2009-01-30 12:06:32 ¡$floorCt:1
2009-01-30 12:06:32 yfile closez:J:\git\stoaconverter\SimToAnimConvert.log
2009-01-30 12:06:32 yend   converterz
2009-01-30 12:06:32 --------------------------------------------------------------------------------------------------------------------------------
2009-01-30 12:08:19 ystart converterz
2009-01-30 12:08:19
2009-01-30 12:08:19 yfile openz:J:\git\stoaconverter\SimToAnimConvert.log
2009-01-30 12:08:19 y$keyz:EƒVƒ~ƒ…ƒŒ[ƒVƒ‡ƒ“ŠÔ
2009-01-30 12:08:19 thisLoopBuffor:ƒf[ƒ^æ“¾¬Œ÷F 300.000000
2009-01-30 12:08:19 y$keyz:EŒš•¨”
2009-01-30 12:08:19 thisLoopBuffor:ƒf[ƒ^æ“¾¬Œ÷F    2
2009-01-30 12:08:19 y$keyz:EƒGƒŒƒx[ƒ^”
2009-01-30 12:08:19 thisLoopBuffor:‚d‚k‚u”F [B   1] ...    1
2009-01-30 12:08:19 y$keyz:EŒš•¨Å‚ŠK°”
2009-01-30 12:08:19 thisLoopBuffor:ƒf[ƒ^æ“¾¬Œ÷F   10
2009-01-30 12:08:19 ¡$floorNum:10
2009-01-30 12:08:19 y$keyz:EŒğ’Êƒpƒ^[ƒ“
2009-01-30 12:08:19 thisLoopBuffor:ƒf[ƒ^æ“¾¬Œ÷F    6
2009-01-30 12:08:19 y$keyz:Eã‚èW’†—¦
2009-01-30 12:08:19 thisLoopBuffor:ƒf[ƒ^æ“¾¬Œ÷F    6.00
2009-01-30 12:08:19 y$keyz:E‰º‚èW’†—¦
2009-01-30 12:08:19 thisLoopBuffor:ƒf[ƒ^æ“¾¬Œ÷F    6.00
2009-01-30 12:08:19 y$keyz:Eæ~Š„‡
2009-01-30 12:08:19 thisLoopBuffor:ƒf[ƒ^æ“¾¬Œ÷F    1.00
2009-01-30 12:08:19 y$keyz:E‹ZÒ”
2009-01-30 12:08:19 y$isAnyFloorz:1
2009-01-30 12:08:19 thisLoopBuffor:‹ZÒ”F [   1] ... 25.000000
2009-01-30 12:08:19 loopCt:43
2009-01-30 12:08:19 ¡$floorCt:1
2009-01-30 12:08:19 ¡$floorCt:2
2009-01-30 12:08:19 yfile closez:J:\git\stoaconverter\SimToAnimConvert.log
2009-01-30 12:08:19 yend   converterz
2009-01-30 12:08:19 --------------------------------------------------------------------------------------------------------------------------------
2009-01-30 12:11:32 ystart converterz
2009-01-30 12:11:32
2009-01-30 12:11:32 yfile openz:J:\git\stoaconverter\SimToAnimConvert.log
2009-01-30 12:11:32 y$keyz:EƒVƒ~ƒ…ƒŒ[ƒVƒ‡ƒ“ŠÔ
2009-01-30 12:11:32 thisLoopBuffor:ƒf[ƒ^æ“¾¬Œ÷F 300.000000
2009-01-30 12:11:32 y$keyz:EŒš•¨”
2009-01-30 12:11:32 thisLoopBuffor:ƒf[ƒ^æ“¾¬Œ÷F    2
2009-01-30 12:11:32 y$keyz:EƒGƒŒƒx[ƒ^”
2009-01-30 12:11:32 thisLoopBuffor:‚d‚k‚u”F [B   1] ...    1
2009-01-30 12:11:32 y$keyz:EŒš•¨Å‚ŠK°”
2009-01-30 12:11:32 thisLoopBuffor:ƒf[ƒ^æ“¾¬Œ÷F   10
2009-01-30 12:11:32 ¡$floorNum:10
2009-01-30 12:11:32 y$keyz:EŒğ’Êƒpƒ^[ƒ“
2009-01-30 12:11:32 thisLoopBuffor:ƒf[ƒ^æ“¾¬Œ÷F    6
2009-01-30 12:11:32 y$keyz:Eã‚èW’†—¦
2009-01-30 12:11:32 thisLoopBuffor:ƒf[ƒ^æ“¾¬Œ÷F    6.00
2009-01-30 12:11:32 y$keyz:E‰º‚èW’†—¦
2009-01-30 12:11:32 thisLoopBuffor:ƒf[ƒ^æ“¾¬Œ÷F    6.00
2009-01-30 12:11:32 y$keyz:Eæ~Š„‡
2009-01-30 12:11:32 thisLoopBuffor:ƒf[ƒ^æ“¾¬Œ÷F    1.00
2009-01-30 12:11:32 y$keyz:E‹ZÒ”
2009-01-30 12:11:32 y$isAnyFloorz:1
2009-01-30 12:11:32 thisLoopBuffor:‹ZÒ”F [   1] ... 25.000000
2009-01-30 12:11:32 loopCt:43
2009-01-30 12:11:32 ¡$floorCt:1
2009-01-30 12:11:32 ¡$floorCt:2
2009-01-30 12:11:32 yfile closez:J:\git\stoaconverter\SimToAnimConvert.log
2009-01-30 12:11:32 yend   converterz
2009-01-30 12:11:32 --------------------------------------------------------------------------------------------------------------------------------
2009-01-30 12:20:00 ystart converterz
2009-01-30 12:20:00
2009-01-30 12:20:00 yfile openz:J:\git\stoaconverter\SimToAnimConvert.log
2009-01-30 12:20:00 y$keyz:EƒVƒ~ƒ…ƒŒ[ƒVƒ‡ƒ“ŠÔ
2009-01-30 12:20:00 thisLoopBuffor:EŒš•¨”
2009-01-30 12:20:00 y$keyz:EŒš•¨”
2009-01-30 12:20:00 thisLoopBuffor:EƒGƒŒƒx[ƒ^‰^s§Œä•û®
2009-01-30 12:20:00 y$keyz:EƒGƒŒƒx[ƒ^”
2009-01-30 12:20:00 thisLoopBuffor:‚d‚k‚u”F [B   2] ...    1
2009-01-30 12:20:00 y$keyz:EŒš•¨Å‚ŠK°”
2009-01-30 12:20:00 thisLoopBuffor:EŒğ’Êƒpƒ^[ƒ“
2009-01-30 12:20:00 ¡$floorNum:0
2009-01-30 12:20:00 y$keyz:EŒğ’Êƒpƒ^[ƒ“
2009-01-30 12:20:00 y$keyz:Eã‚èW’†—¦
2009-01-30 12:20:00 y$keyz:E‰º‚èW’†—¦
2009-01-30 12:20:00 y$keyz:Eæ~Š„‡
2009-01-30 12:20:00 y$keyz:E‹ZÒ”
2009-01-30 12:20:00 y$isAnyFloorz:1
2009-01-30 12:20:00 y$keyz:EŠeŠK‚
2009-01-30 12:20:00 y$isAnyFloorz:1
2009-01-30 12:20:00 y$keyz:E‚©‚²”
2009-01-30 12:20:00 y$keyz:E‚©‚²ƒf[ƒ^(•ª‘¬)
2009-01-30 12:20:00 y$keyz:E‚©‚²ƒf[ƒ^(‰ÁŒ¸‘¬‹——£)
2009-01-30 12:20:00 y$keyz:E‚©‚²ƒf[ƒ^(‰ÁŒ¸‘¬ŠÔ)
2009-01-30 12:20:00 y$keyz:E‚©‚²ƒf[ƒ^(”àŠJŠÔ)
2009-01-30 12:20:00 y$keyz:E‚©‚²ƒf[ƒ^(”à•ÂŠÔ)
2009-01-30 12:20:00 y$keyz:E‚©‚²ƒf[ƒ^(ƒfƒbƒhƒ^ƒCƒ€)
2009-01-30 12:20:00 y$keyz:E‚©‚²ƒf[ƒ^(æÔ’èˆõ)
2009-01-30 12:20:00 yfile closez:J:\git\stoaconverter\SimToAnimConvert.log
2009-01-30 12:20:00 yend   converterz
--------------------------------------------------------------------------------------------------------------------------------
2009-01-30 12:22:15 ystart converterz
2009-01-30 12:22:15
2009-01-30 12:22:15 yfile openz:J:\git\stoaconverter\SimToAnimConvert.log
2009-01-30 12:22:15 y$keyz:EƒVƒ~ƒ…ƒŒ[ƒVƒ‡ƒ“ŠÔ
2009-01-30 12:22:15 y$downLowz:1
2009-01-30 12:22:15 thisLoopBuffor:EŒš•¨”
2009-01-30 12:22:15 y$keyz:EŒš•¨”
2009-01-30 12:22:15 y$downLowz:1
2009-01-30 12:22:15 thisLoopBuffor:EƒGƒŒƒx[ƒ^‰^s§Œä•û®
2009-01-30 12:22:15 y$keyz:EƒGƒŒƒx[ƒ^”
2009-01-30 12:22:15 y$downLowz:2
2009-01-30 12:22:15 thisLoopBuffor:‚d‚k‚u”F [B   2] ...    1
2009-01-30 12:22:15 y$keyz:EŒš•¨Å‚ŠK°”
2009-01-30 12:22:15 y$downLowz:1
2009-01-30 12:22:15 thisLoopBuffor:EŒğ’Êƒpƒ^[ƒ“
2009-01-30 12:22:15 ¡$floorNum:0
2009-01-30 12:22:15 y$keyz:EŒğ’Êƒpƒ^[ƒ“
2009-01-30 12:22:15 y$downLowz:1
2009-01-30 12:22:15 y$keyz:Eã‚èW’†—¦
2009-01-30 12:22:15 y$downLowz:1
2009-01-30 12:22:15 y$keyz:E‰º‚èW’†—¦
2009-01-30 12:22:15 y$downLowz:1
2009-01-30 12:22:15 y$keyz:Eæ~Š„‡
2009-01-30 12:22:15 y$downLowz:1
2009-01-30 12:22:15 y$keyz:E‹ZÒ”
2009-01-30 12:22:15 y$downLowz:2
2009-01-30 12:22:15 y$isAnyFloorz:1
2009-01-30 12:22:15 y$keyz:EŠeŠK‚
2009-01-30 12:22:15 y$downLowz:2
2009-01-30 12:22:15 y$isAnyFloorz:1
2009-01-30 12:22:15 y$keyz:E‚©‚²”
2009-01-30 12:22:15 y$downLowz:2
2009-01-30 12:22:15 y$keyz:E‚©‚²ƒf[ƒ^(•ª‘¬)
2009-01-30 12:22:15 y$downLowz:1
2009-01-30 12:22:15 y$keyz:E‚©‚²ƒf[ƒ^(‰ÁŒ¸‘¬‹——£)
2009-01-30 12:22:15 y$downLowz:1
2009-01-30 12:22:15 y$keyz:E‚©‚²ƒf[ƒ^(‰ÁŒ¸‘¬ŠÔ)
2009-01-30 12:22:15 y$downLowz:1
2009-01-30 12:22:15 y$keyz:E‚©‚²ƒf[ƒ^(”àŠJŠÔ)
2009-01-30 12:22:15 y$downLowz:1
2009-01-30 12:22:15 y$keyz:E‚©‚²ƒf[ƒ^(”à•ÂŠÔ)
2009-01-30 12:22:15 y$downLowz:1
2009-01-30 12:22:15 y$keyz:E‚©‚²ƒf[ƒ^(ƒfƒbƒhƒ^ƒCƒ€)
2009-01-30 12:22:15 y$downLowz:1
2009-01-30 12:22:15 y$keyz:E‚©‚²ƒf[ƒ^(æÔ’èˆõ)
2009-01-30 12:22:15 y$downLowz:1
2009-01-30 12:22:15 yfile closez:J:\git\stoaconverter\SimToAnimConvert.log
2009-01-30 12:22:15 yend   converterz
--------------------------------------------------------------------------------------------------------------------------------
2009-01-30 12:23:35 ystart converterz
2009-01-30 12:23:35
2009-01-30 12:23:35 yfile openz:J:\git\stoaconverter\SimToAnimConvert.log
2009-01-30 12:23:35 y$keyz:EƒVƒ~ƒ…ƒŒ[ƒVƒ‡ƒ“ŠÔ
2009-01-30 12:23:35 y$downLowz:1
2009-01-30 12:23:35 thisLoopBuffor:ƒf[ƒ^æ“¾¬Œ÷F 300.000000
2009-01-30 12:23:35 y$keyz:EŒš•¨”
2009-01-30 12:23:35 y$downLowz:1
2009-01-30 12:23:35 thisLoopBuffor:ƒf[ƒ^æ“¾¬Œ÷F    2
2009-01-30 12:23:35 y$keyz:EƒGƒŒƒx[ƒ^”
2009-01-30 12:23:35 y$downLowz:2
2009-01-30 12:23:35 thisLoopBuffor:‚d‚k‚u”F [B   1] ...    1
2009-01-30 12:23:35 y$keyz:EŒš•¨Å‚ŠK°”
2009-01-30 12:23:35 y$downLowz:1
2009-01-30 12:23:35 thisLoopBuffor:ƒf[ƒ^æ“¾¬Œ÷F   10
2009-01-30 12:23:35 ¡$floorNum:10
2009-01-30 12:23:35 y$keyz:EŒğ’Êƒpƒ^[ƒ“
2009-01-30 12:23:35 y$downLowz:1
2009-01-30 12:23:35 thisLoopBuffor:ƒf[ƒ^æ“¾¬Œ÷F    6
2009-01-30 12:23:35 y$keyz:Eã‚èW’†—¦
2009-01-30 12:23:35 y$downLowz:1
2009-01-30 12:23:35 thisLoopBuffor:ƒf[ƒ^æ“¾¬Œ÷F    6.00
2009-01-30 12:23:35 y$keyz:E‰º‚èW’†—¦
2009-01-30 12:23:35 y$downLowz:1
2009-01-30 12:23:35 thisLoopBuffor:ƒf[ƒ^æ“¾¬Œ÷F    6.00
2009-01-30 12:23:35 y$keyz:Eæ~Š„‡
2009-01-30 12:23:35 y$downLowz:1
2009-01-30 12:23:35 thisLoopBuffor:ƒf[ƒ^æ“¾¬Œ÷F    1.00
2009-01-30 12:23:35 y$keyz:E‹ZÒ”
2009-01-30 12:23:35 y$downLowz:2
2009-01-30 12:23:35 y$isAnyFloorz:1
2009-01-30 12:23:35 thisLoopBuffor:‹ZÒ”F [   1] ... 25.000000
2009-01-30 12:23:35 thisLoopBuffor:‹ZÒ”F [   2] ... 25.000000
2009-01-30 12:23:35 thisLoopBuffor:‹ZÒ”F [   3] ... 25.000000
2009-01-30 12:23:35 thisLoopBuffor:‹ZÒ”F [   4] ... 25.000000
2009-01-30 12:23:35 thisLoopBuffor:‹ZÒ”F [   5] ... 25.000000
2009-01-30 12:23:35 thisLoopBuffor:‹ZÒ”F [   6] ... 25.000000
2009-01-30 12:23:35 thisLoopBuffor:‹ZÒ”F [   7] ... 25.000000
2009-01-30 12:23:35 thisLoopBuffor:‹ZÒ”F [   8] ... 25.000000
2009-01-30 12:23:35 thisLoopBuffor:‹ZÒ”F [   9] ... 25.000000
2009-01-30 12:23:35 thisLoopBuffor:‹ZÒ”F [  10] ... 25.000000
2009-01-30 12:23:35 y$keyz:EŠeŠK‚
2009-01-30 12:23:35 y$downLowz:2
2009-01-30 12:23:35 y$isAnyFloorz:1
2009-01-30 12:23:35 thisLoopBuffor:ŠK‚F [   1] ... 3500.000000
2009-01-30 12:23:35 thisLoopBuffor:ŠK‚F [   2] ... 3500.000000
2009-01-30 12:23:35 thisLoopBuffor:ŠK‚F [   3] ... 3500.000000
2009-01-30 12:23:35 thisLoopBuffor:ŠK‚F [   4] ... 3500.000000
2009-01-30 12:23:35 thisLoopBuffor:ŠK‚F [   5] ... 3500.000000
2009-01-30 12:23:35 thisLoopBuffor:ŠK‚F [   6] ... 3500.000000
2009-01-30 12:23:35 thisLoopBuffor:ŠK‚F [   7] ... 3500.000000
2009-01-30 12:23:35 thisLoopBuffor:ŠK‚F [   8] ... 3500.000000
2009-01-30 12:23:35 thisLoopBuffor:ŠK‚F [   9] ... 3500.000000
2009-01-30 12:23:35 thisLoopBuffor:ŠK‚F [  10] ... 3500.000000
2009-01-30 12:23:35 y$keyz:E‚©‚²”
2009-01-30 12:23:35 y$downLowz:2
2009-01-30 12:23:35 thisLoopBuffor:‚©‚²”F [B   1,E   1] ...    1
2009-01-30 12:23:35 y$keyz:E‚©‚²ƒf[ƒ^(•ª‘¬)
2009-01-30 12:23:35 y$downLowz:1
2009-01-30 12:23:35 thisLoopBuffor:•ª‘¬F [B   1,E   1,C   1] ... 105.00
2009-01-30 12:23:35 y$keyz:E‚©‚²ƒf[ƒ^(‰ÁŒ¸‘¬‹——£)
2009-01-30 12:23:35 y$downLowz:1
2009-01-30 12:23:35 thisLoopBuffor:‰ÁŒ¸‘¬‹——£F [B   1,E   1,C   1] ...   5.10
2009-01-30 12:23:35 y$keyz:E‚©‚²ƒf[ƒ^(‰ÁŒ¸‘¬ŠÔ)
2009-01-30 12:23:35 y$downLowz:1
2009-01-30 12:23:35 thisLoopBuffor:‰ÁŒ¸‘¬ŠÔF [B   1,E   1,C   1] ...   6.80
2009-01-30 12:23:35 y$keyz:E‚©‚²ƒf[ƒ^(”àŠJŠÔ)
2009-01-30 12:23:35 y$downLowz:1
2009-01-30 12:23:35 thisLoopBuffor:”àŠJŠÔF [B   1,E   1,C   1] ...   2.10
2009-01-30 12:23:35 y$keyz:E‚©‚²ƒf[ƒ^(”à•ÂŠÔ)
2009-01-30 12:23:35 y$downLowz:1
2009-01-30 12:23:35 thisLoopBuffor:”à•ÂŠÔF [B   1,E   1,C   1] ...   3.70
2009-01-30 12:23:36 y$keyz:E‚©‚²ƒf[ƒ^(ƒfƒbƒhƒ^ƒCƒ€)
2009-01-30 12:23:36 y$downLowz:1
2009-01-30 12:23:36 thisLoopBuffor:ƒfƒbƒhƒ^ƒCƒ€F [B   1,E   1,C   1] ...   0.00
2009-01-30 12:23:36 y$keyz:E‚©‚²ƒf[ƒ^(æÔ’èˆõ)
2009-01-30 12:23:36 y$downLowz:1
2009-01-30 12:23:36 thisLoopBuffor:æÔ’èˆõF [B   1,E   1,C   1] ...  13.00
2009-01-30 12:23:36 yfile closez:J:\git\stoaconverter\SimToAnimConvert.log
2009-01-30 12:23:36 yend   converterz
--------------------------------------------------------------------------------------------------------------------------------
