2009-01-29 10:48:39 create directory-->Sample_20090129_01:0777
2009-01-29 02:53:26 file open:j:\git\stoaconverter\SimToAnimConvert.log
2009-01-29 02:54:24 file open:j:\git\stoaconverter\SimToAnimConvert.log
2009-01-29 02:54:27 file close:j:\git\stoaconverter\SimToAnimConvert.log
2009-01-29 02:58:09 start converter
2009-01-29 02:58:09 file open:j:\git\stoaconverter\SimToAnimConvert.log
2009-01-29 02:58:09 file close:j:\git\stoaconverter\SimToAnimConvert.log
2009-01-29 02:58:09 end   converter
2009-01-29 03:01:10 【start converter】
2009-01-29 03:01:10 【file open】:j:\git\stoaconverter\SimToAnimConvert.log
2009-01-29 03:01:10 file close:j:\git\stoaconverter\SimToAnimConvert.log
2009-01-29 03:01:10 【end   converter】
2009-01-29 03:05:10 【start converter】
2009-01-29 03:05:10 【file open】:j:\git\stoaconverter\SimToAnimConvert.log
2009-01-29 03:13:56 【start converter】
2009-01-29 03:13:56 【file open】:j:\git\stoaconverter\SimToAnimConvert.log
2009-01-29 03:13:57 【file close】:j:\git\stoaconverter\SimToAnimConvert.log
2009-01-29 03:13:57 【end   converter】
2009-01-29 03:14:17 【start converter】
2009-01-29 03:14:17 【file open】:j:\git\stoaconverter\SimToAnimConvert.log
2009-01-29 03:14:17 【file close】:j:\git\stoaconverter\SimToAnimConvert.log
2009-01-29 03:14:17 【end   converter】
2009-01-29 03:57:46 【start converter】2009-01-29 03:57:462009-01-29 03:57:46 【file open】:j:\git\stoaconverter\SimToAnimConvert.log2009-01-29 03:57:47 【file close】:j:\git\stoaconverter\SimToAnimConvert.log2009-01-29 03:57:47 【end   converter】2009-01-29 03:58:47 【start converter】2009-01-29 03:58:472009-01-29 03:58:47 【file open】:j:\git\stoaconverter\SimToAnimConvert.log2009-01-29 03:58:48 【file close】:j:\git\stoaconverter\SimToAnimConvert.log2009-01-29 03:58:48 【end   converter】2009-01-29 04:00:10 【start converter】2009-01-29 04:00:102009-01-29 04:00:10 【file open】:j:\git\stoaconverter\SimToAnimConvert.log2009-01-29 04:00:11 【file close】:j:\git\stoaconverter\SimToAnimConvert.log2009-01-29 04:00:11 【end   converter】2009-01-29 04:01:54 【start converter】
2009-01-29 04:01:54
2009-01-29 04:01:54 【file open】:j:\git\stoaconverter\SimToAnimConvert.log
2009-01-29 04:01:54 【file close】:j:\git\stoaconverter\SimToAnimConvert.log
2009-01-29 04:01:54 【end   converter】
2009-01-29 09:55:35 【start converter】
2009-01-29 09:55:35
2009-01-29 09:55:35 【file open】:j:\git\stoaconverter\SimToAnimConvert.log
2009-01-29 09:55:40 【file close】:j:\git\stoaconverter\SimToAnimConvert.log
2009-01-29 09:55:40 【end   converter】
2009-01-29 09:57:48 【start converter】
2009-01-29 09:57:48
2009-01-29 09:57:48 【file open】:j:\git\stoaconverter\SimToAnimConvert.log
2009-01-29 09:57:48 【file close】:j:\git\stoaconverter\SimToAnimConvert.log
2009-01-29 09:57:48 【end   converter】
2009-01-29 09:58:21 【start converter】
2009-01-29 09:58:21
2009-01-29 09:58:21 【file open】:j:\git\stoaconverter\SimToAnimConvert.log
2009-01-29 09:58:21 【file close】:j:\git\stoaconverter\SimToAnimConvert.log
2009-01-29 09:58:21 【end   converter】
2009-01-29 09:59:49 【start converter】
2009-01-29 09:59:49
2009-01-29 09:59:49 【file open】:j:\git\stoaconverter\SimToAnimConvert.log
2009-01-29 09:59:49 【file close】:j:\git\stoaconverter\SimToAnimConvert.log
2009-01-29 09:59:49 【end   converter】
2009-01-29 10:00:36 【start converter】
2009-01-29 10:00:36
2009-01-29 10:00:36 【file open】:j:\git\stoaconverter\SimToAnimConvert.log
2009-01-29 10:00:36 【file close】:j:\git\stoaconverter\SimToAnimConvert.log
2009-01-29 10:00:36 【end   converter】
2009-01-29 10:01:11 【start converter】
2009-01-29 10:01:11
2009-01-29 10:01:11 【file open】:j:\git\stoaconverter\SimToAnimConvert.log
2009-01-29 10:01:11 【file close】:j:\git\stoaconverter\SimToAnimConvert.log
2009-01-29 10:01:11 【end   converter】
2009-01-29 10:03:48 【start converter】
2009-01-29 10:03:48
2009-01-29 10:03:48 【file open】:j:\git\stoaconverter\SimToAnimConvert.log
2009-01-29 10:03:51 【file close】:j:\git\stoaconverter\SimToAnimConvert.log
2009-01-29 10:03:51 【end   converter】
2009-01-29 10:06:14 【start converter】
2009-01-29 10:06:14
2009-01-29 10:06:14 【file open】:j:\git\stoaconverter\SimToAnimConvert.log
2009-01-29 10:06:14 buffer[0]:Java Plug-in 1.6.0_11
2009-01-29 10:06:14 buffer[1]:使用中の JRE のバージョン 1.6.0_11 Java HotSpot(TM) Client VM
2009-01-29 10:06:14 buffer[2]:ユーザのホームディレクトリ = C:\Documents and Settings\Administrator
2009-01-29 10:06:14 buffer[3]:----------------------------------------------------
2009-01-29 10:06:14 buffer[4]:c:   コンソールウィンドウをクリア
2009-01-29 10:06:14 buffer[5]:f:   ファイナライズキューのオブジェクトをファイナライズ
2009-01-29 10:06:14 buffer[6]:g:   ガベージコレクト
2009-01-29 10:06:14 buffer[7]:h:   このヘルプメッセージを表示
2009-01-29 10:06:14 buffer[8]:l:   クラスローダリストをダンプ
2009-01-29 10:06:14 buffer[9]:m:   メモリ使用率を表示
2009-01-29 10:06:14 buffer[10]:o:   トリガログ
2009-01-29 10:06:14 buffer[11]:q:   コンソールを非表示
2009-01-29 10:06:14 buffer[12]:r:   ポリシー設定を再ロード
2009-01-29 10:06:14 buffer[13]:s:   システムプロパティと配備プロパティをダンプ
2009-01-29 10:06:14 buffer[14]:t:   スレッドリストをダンプ
2009-01-29 10:06:14 buffer[15]:v:   スレッドスタックをダンプ
2009-01-29 10:06:14 buffer[16]:x:   クラスローダキャッシュをクリア
2009-01-29 10:06:14 buffer[17]:0-5: トレースレベルを <n> に設定
2009-01-29 10:06:14 buffer[18]:----------------------------------------------------
2009-01-29 10:06:14 buffer[19]:
2009-01-29 10:06:14 buffer[20]:
2009-01-29 10:06:14 buffer[21]:・シミュレーション時間
2009-01-29 10:06:14 buffer[22]:データ取得成功： 300.000000
2009-01-29 10:06:14 buffer[23]:・建物数
2009-01-29 10:06:14 buffer[24]:データ取得成功：    2
2009-01-29 10:06:14 buffer[25]:・エレベータ運行制御方式
2009-01-29 10:06:14 buffer[26]:データ取得成功：
2009-01-29 10:06:14 buffer[27]: ＥＬＶ運行制御方式： [B   1] ...    1
2009-01-29 10:06:14 buffer[28]: ＥＬＶ運行制御方式： [B   2] ...    2
2009-01-29 10:06:14 buffer[29]:・エレベータ数
2009-01-29 10:06:14 buffer[30]:データ取得成功：
2009-01-29 10:06:14 buffer[31]: ＥＬＶ数： [B   1] ...    1
2009-01-29 10:06:14 buffer[32]: ＥＬＶ数： [B   2] ...    1
2009-01-29 10:06:14 buffer[33]:・建物最高階床数
2009-01-29 10:06:14 buffer[34]:データ取得成功：   10
2009-01-29 10:06:14 buffer[35]:・交通パターン
2009-01-29 10:06:14 buffer[36]:データ取得成功：    6
2009-01-29 10:06:14 buffer[37]:・上り集中率
2009-01-29 10:06:14 buffer[38]:データ取得成功：    6.00
2009-01-29 10:06:14 buffer[39]:・下り集中率
2009-01-29 10:06:14 buffer[40]:データ取得成功：    6.00
2009-01-29 10:06:14 buffer[41]:・乗降割合
2009-01-29 10:06:14 buffer[42]:データ取得成功：    1.00
2009-01-29 10:06:14 buffer[43]:・居住者数
2009-01-29 10:06:14 buffer[44]:データ取得成功：
2009-01-29 10:06:14 buffer[45]: 居住者数： [   1] ... 25.000000
2009-01-29 10:06:14 buffer[46]: 居住者数： [   2] ... 25.000000
2009-01-29 10:06:14 buffer[47]: 居住者数： [   3] ... 25.000000
2009-01-29 10:06:14 buffer[48]: 居住者数： [   4] ... 25.000000
2009-01-29 10:06:14 buffer[49]: 居住者数： [   5] ... 25.000000
2009-01-29 10:06:14 buffer[50]: 居住者数： [   6] ... 25.000000
2009-01-29 10:06:14 buffer[51]: 居住者数： [   7] ... 25.000000
2009-01-29 10:06:14 buffer[52]: 居住者数： [   8] ... 25.000000
2009-01-29 10:06:14 buffer[53]: 居住者数： [   9] ... 25.000000
2009-01-29 10:06:14 buffer[54]: 居住者数： [  10] ... 25.000000
2009-01-29 10:06:14 buffer[55]: 居住者総数:250.0
2009-01-29 10:06:14 buffer[56]:・各階高
2009-01-29 10:06:14 buffer[57]:データ取得成功：
2009-01-29 10:06:14 buffer[58]: 階高： [   1] ... 3500.000000
2009-01-29 10:06:14 buffer[59]: 階高： [   2] ... 3500.000000
2009-01-29 10:06:14 buffer[60]: 階高： [   3] ... 3500.000000
2009-01-29 10:06:14 buffer[61]: 階高： [   4] ... 3500.000000
2009-01-29 10:06:14 buffer[62]: 階高： [   5] ... 3500.000000
2009-01-29 10:06:14 buffer[63]: 階高： [   6] ... 3500.000000
2009-01-29 10:06:14 buffer[64]: 階高： [   7] ... 3500.000000
2009-01-29 10:06:14 buffer[65]: 階高： [   8] ... 3500.000000
2009-01-29 10:06:14 buffer[66]: 階高： [   9] ... 3500.000000
2009-01-29 10:06:14 buffer[67]: 階高： [  10] ... 3500.000000
2009-01-29 10:06:14 buffer[68]:・かご数
2009-01-29 10:06:14 buffer[69]:データ取得成功：
2009-01-29 10:06:14 buffer[70]: かご数： [B   1,E   1] ...    1
2009-01-29 10:06:14 buffer[71]: かご数： [B   2,E   1] ...    1
2009-01-29 10:06:14 buffer[72]:・かごデータ(分速)
2009-01-29 10:06:14 buffer[73]: 分速： [B   1,E   1,C   1] ... 105.00
2009-01-29 10:06:14 buffer[74]: 分速： [B   2,E   1,C   1] ... 105.00
2009-01-29 10:06:14 buffer[75]:データ取得成功：
2009-01-29 10:06:14 buffer[76]:・かごデータ(加減速距離)
2009-01-29 10:06:14 buffer[77]: 加減速距離： [B   1,E   1,C   1] ...   5.10
2009-01-29 10:06:14 buffer[78]: 加減速距離： [B   2,E   1,C   1] ...   5.10
2009-01-29 10:06:14 buffer[79]:データ取得成功：
2009-01-29 10:06:14 buffer[80]:・かごデータ(加減速時間)
2009-01-29 10:06:14 buffer[81]: 加減速時間： [B   1,E   1,C   1] ...   6.80
2009-01-29 10:06:14 buffer[82]: 加減速時間： [B   2,E   1,C   1] ...   6.80
2009-01-29 10:06:14 buffer[83]:データ取得成功：
2009-01-29 10:06:14 buffer[84]:・かごデータ(扉開時間)
2009-01-29 10:06:14 buffer[85]: 扉開時間： [B   1,E   1,C   1] ...   2.10
2009-01-29 10:06:14 buffer[86]: 扉開時間： [B   2,E   1,C   1] ...   2.10
2009-01-29 10:06:14 buffer[87]:データ取得成功：
2009-01-29 10:06:14 buffer[88]:・かごデータ(扉閉時間)
2009-01-29 10:06:14 buffer[89]: 扉閉時間： [B   1,E   1,C   1] ...   3.70
2009-01-29 10:06:14 buffer[90]: 扉閉時間： [B   2,E   1,C   1] ...   3.70
2009-01-29 10:06:14 buffer[91]:データ取得成功：
2009-01-29 10:06:14 buffer[92]:・かごデータ(デッドタイム)
2009-01-29 10:06:14 buffer[93]: デッドタイム： [B   1,E   1,C   1] ...   0.00
2009-01-29 10:06:14 buffer[94]: デッドタイム： [B   2,E   1,C   1] ...   0.00
2009-01-29 10:06:14 buffer[95]:データ取得成功：
2009-01-29 10:06:14 buffer[96]:・かごデータ(乗車定員)
2009-01-29 10:06:14 buffer[97]: 乗車定員： [B   1,E   1,C   1] ...  13.00
2009-01-29 10:06:14 buffer[98]: 乗車定員： [B   2,E   1,C   1] ...  13.00
2009-01-29 10:06:14 buffer[99]:データ取得成功：
2009-01-29 10:06:14 【file close】:j:\git\stoaconverter\SimToAnimConvert.log
2009-01-29 10:06:14 【end   converter】
2009-01-29 10:08:06 【start converter】
2009-01-29 10:08:06
2009-01-29 10:08:06 【file open】:j:\git\stoaconverter\SimToAnimConvert.log
2009-01-29 10:08:06 【file close】:j:\git\stoaconverter\SimToAnimConvert.log
2009-01-29 10:08:06 【end   converter】
2009-01-29 10:09:07 【start converter】
2009-01-29 10:09:07
2009-01-29 10:09:07 【file open】:j:\git\stoaconverter\SimToAnimConvert.log
2009-01-29 10:09:07 【file close】:j:\git\stoaconverter\SimToAnimConvert.log
2009-01-29 10:09:07 【end   converter】
2009-01-29 10:10:44 【start converter】
2009-01-29 10:10:44
2009-01-29 10:10:44 【file open】:j:\git\stoaconverter\SimToAnimConvert.log
2009-01-29 10:10:44 buffer[21]:・シミュレーション時間
2009-01-29 10:10:44 buffer[23]:・建物数
2009-01-29 10:10:44 buffer[29]:・エレベータ数
2009-01-29 10:10:44 buffer[33]:・建物最高階床数
2009-01-29 10:10:44 buffer[35]:・交通パターン
2009-01-29 10:10:44 buffer[37]:・上り集中率
2009-01-29 10:10:44 buffer[39]:・下り集中率
2009-01-29 10:10:44 buffer[41]:・乗降割合
2009-01-29 10:10:44 buffer[43]:・居住者数
2009-01-29 10:10:44 buffer[56]:・各階高
2009-01-29 10:10:44 buffer[68]:・かご数
2009-01-29 10:10:44 buffer[72]:・かごデータ(分速)
2009-01-29 10:10:44 buffer[76]:・かごデータ(加減速距離)
2009-01-29 10:10:44 buffer[80]:・かごデータ(加減速時間)
2009-01-29 10:10:44 buffer[84]:・かごデータ(扉開時間)
2009-01-29 10:10:44 buffer[88]:・かごデータ(扉閉時間)
2009-01-29 10:10:44 buffer[92]:・かごデータ(デッドタイム)
2009-01-29 10:10:44 buffer[96]:・かごデータ(乗車定員)
2009-01-29 10:10:44 【file close】:j:\git\stoaconverter\SimToAnimConvert.log
2009-01-29 10:10:44 【end   converter】
2009-01-29 10:33:13 【start converter】
2009-01-29 10:33:13
2009-01-29 10:33:13 【file open】:j:\git\stoaconverter\SimToAnimConvert.log
2009-01-29 10:33:13 count($keys):17
2009-01-29 10:33:13 count($keys):16
2009-01-29 10:33:13 count($keys):15
2009-01-29 10:33:13 count($keys):14
2009-01-29 10:33:13 count($keys):13
2009-01-29 10:33:13 count($keys):12
2009-01-29 10:33:13 count($keys):11
2009-01-29 10:33:13 count($keys):10
2009-01-29 10:33:13 count($keys):9
2009-01-29 10:33:13 count($keys):8
2009-01-29 10:33:13 count($keys):7
2009-01-29 10:33:13 count($keys):6
2009-01-29 10:33:13 count($keys):5
2009-01-29 10:33:13 count($keys):4
2009-01-29 10:33:13 count($keys):3
2009-01-29 10:33:13 count($keys):2
2009-01-29 10:33:13 count($keys):1
2009-01-29 10:33:13 【file close】:j:\git\stoaconverter\SimToAnimConvert.log
2009-01-29 10:33:13 【end   converter】
2009-01-29 10:38:45 【start converter】
2009-01-29 10:38:45
2009-01-29 10:38:45 【file open】:j:\git\stoaconverter\SimToAnimConvert.log
2009-01-29 10:38:45 count($keys):17
2009-01-29 10:38:45 count($keys):16
2009-01-29 10:38:45 count($keys):15
2009-01-29 10:38:45 count($keys):14
2009-01-29 10:38:45 count($keys):13
2009-01-29 10:38:45 count($keys):12
2009-01-29 10:38:45 count($keys):11
2009-01-29 10:38:45 count($keys):10
2009-01-29 10:38:45 count($keys):9
2009-01-29 10:38:45 count($keys):8
2009-01-29 10:38:45 count($keys):7
2009-01-29 10:38:45 count($keys):6
2009-01-29 10:38:45 count($keys):5
2009-01-29 10:38:45 count($keys):4
2009-01-29 10:38:45 count($keys):3
2009-01-29 10:38:45 count($keys):2
2009-01-29 10:38:45 count($keys):1
2009-01-29 10:38:45 【file close】:j:\git\stoaconverter\SimToAnimConvert.log
2009-01-29 10:38:45 【end   converter】
